<?xml version="1.0" encoding="UTF-8"?>
<coverage generated="1769703187479" clover="3.2.0">
  <project timestamp="1769703187479" name="All files">
    <metrics statements="214" coveredstatements="178" conditionals="271" coveredconditionals="200" methods="68" coveredmethods="54" elements="553" coveredelements="432" complexity="0" loc="214" ncloc="214" packages="2" files="10" classes="10"/>
    <package name="components">
      <metrics statements="195" coveredstatements="165" conditionals="261" coveredconditionals="195" methods="63" coveredmethods="51"/>
      <file name="AvatarDisplay.jsx" path="C:\Users\Darki\OneDrive\Escritorio\proyecto2.o\bookwise\src\components\AvatarDisplay.jsx">
        <metrics statements="14" coveredstatements="5" conditionals="21" coveredconditionals="9" methods="2" coveredmethods="2"/>
        <line num="4" count="11" type="stmt"/>
        <line num="5" count="2" type="cond" truecount="1" falsecount="9"/>
        <line num="6" count="2" type="stmt"/>
        <line num="7" count="0" type="stmt"/>
        <line num="8" count="0" type="stmt"/>
        <line num="9" count="0" type="stmt"/>
        <line num="10" count="0" type="stmt"/>
        <line num="11" count="0" type="stmt"/>
        <line num="12" count="0" type="stmt"/>
        <line num="13" count="0" type="stmt"/>
        <line num="14" count="0" type="stmt"/>
        <line num="15" count="0" type="stmt"/>
        <line num="19" count="11" type="stmt"/>
        <line num="26" count="11" type="stmt"/>
      </file>
      <file name="BookSearch.jsx" path="C:\Users\Darki\OneDrive\Escritorio\proyecto2.o\bookwise\src\components\BookSearch.jsx">
        <metrics statements="24" coveredstatements="21" conditionals="33" coveredconditionals="23" methods="6" coveredmethods="5"/>
        <line num="5" count="13" type="stmt"/>
        <line num="6" count="13" type="stmt"/>
        <line num="7" count="13" type="stmt"/>
        <line num="8" count="13" type="stmt"/>
        <line num="9" count="13" type="stmt"/>
        <line num="12" count="3" type="stmt"/>
        <line num="13" count="3" type="cond" truecount="1" falsecount="1"/>
        <line num="15" count="3" type="stmt"/>
        <line num="16" count="3" type="stmt"/>
        <line num="17" count="3" type="stmt"/>
        <line num="18" count="3" type="stmt"/>
        <line num="20" count="3" type="stmt"/>
        <line num="21" count="3" type="stmt"/>
        <line num="22" count="2" type="cond" truecount="1" falsecount="1"/>
        <line num="23" count="2" type="cond" truecount="1" falsecount="1"/>
        <line num="25" count="0" type="stmt"/>
        <line num="28" count="1" type="stmt"/>
        <line num="30" count="3" type="stmt"/>
        <line num="34" count="13" type="stmt"/>
        <line num="46" count="3" type="stmt"/>
        <line num="73" count="2" type="stmt"/>
        <line num="122" count="0" type="stmt"/>
        <line num="123" count="0" type="stmt"/>
        <line num="151" count="1" type="stmt"/>
      </file>
      <file name="CharacterCreation.jsx" path="C:\Users\Darki\OneDrive\Escritorio\proyecto2.o\bookwise\src\components\CharacterCreation.jsx">
        <metrics statements="21" coveredstatements="17" conditionals="33" coveredconditionals="27" methods="5" coveredmethods="5"/>
        <line num="4" count="1" type="stmt"/>
        <line num="20" count="12" type="cond" truecount="2" falsecount="0"/>
        <line num="21" count="12" type="stmt"/>
        <line num="24" count="12" type="stmt"/>
        <line num="27" count="2" type="stmt"/>
        <line num="29" count="2" type="cond" truecount="1" falsecount="1"/>
        <line num="30" count="0" type="stmt"/>
        <line num="31" count="0" type="stmt"/>
        <line num="34" count="2" type="cond" truecount="2" falsecount="0"/>
        <line num="35" count="1" type="stmt"/>
        <line num="36" count="1" type="stmt"/>
        <line num="39" count="1" type="cond" truecount="1" falsecount="1"/>
        <line num="40" count="0" type="stmt"/>
        <line num="41" count="0" type="stmt"/>
        <line num="44" count="1" type="cond" truecount="1" falsecount="1"/>
        <line num="61" count="2" type="stmt"/>
        <line num="64" count="12" type="stmt"/>
        <line num="90" count="3" type="stmt"/>
        <line num="91" count="3" type="stmt"/>
        <line num="112" count="144" type="stmt"/>
        <line num="115" count="2" type="stmt"/>
      </file>
      <file name="CharacterProfile.jsx" path="C:\Users\Darki\OneDrive\Escritorio\proyecto2.o\bookwise\src\components\CharacterProfile.jsx">
        <metrics statements="6" coveredstatements="6" conditionals="8" coveredconditionals="6" methods="3" coveredmethods="3"/>
        <line num="5" count="3" type="cond" truecount="1" falsecount="1"/>
        <line num="7" count="3" type="stmt"/>
        <line num="9" count="3" type="stmt"/>
        <line num="16" count="3" type="stmt"/>
        <line num="86" count="12" type="stmt"/>
        <line num="97" count="12" type="stmt"/>
      </file>
      <file name="MotionCard.jsx" path="C:\Users\Darki\OneDrive\Escritorio\proyecto2.o\bookwise\src\components\MotionCard.jsx">
        <metrics statements="20" coveredstatements="20" conditionals="4" coveredconditionals="3" methods="3" coveredmethods="3"/>
        <line num="9" count="84" type="stmt"/>
        <line num="12" count="84" type="stmt"/>
        <line num="13" count="84" type="stmt"/>
        <line num="16" count="84" type="stmt"/>
        <line num="17" count="84" type="stmt"/>
        <line num="20" count="84" type="stmt"/>
        <line num="21" count="84" type="stmt"/>
        <line num="23" count="84" type="stmt"/>
        <line num="24" count="1" type="cond" truecount="1" falsecount="1"/>
        <line num="26" count="1" type="stmt"/>
        <line num="27" count="1" type="stmt"/>
        <line num="28" count="1" type="stmt"/>
        <line num="31" count="1" type="stmt"/>
        <line num="32" count="1" type="stmt"/>
        <line num="34" count="1" type="stmt"/>
        <line num="35" count="1" type="stmt"/>
        <line num="38" count="84" type="stmt"/>
        <line num="39" count="1" type="stmt"/>
        <line num="40" count="1" type="stmt"/>
        <line num="43" count="84" type="stmt"/>
      </file>
      <file name="ProfileForm.jsx" path="C:\Users\Darki\OneDrive\Escritorio\proyecto2.o\bookwise\src\components\ProfileForm.jsx">
        <metrics statements="23" coveredstatements="20" conditionals="51" coveredconditionals="34" methods="15" coveredmethods="11"/>
        <line num="4" count="15" type="stmt"/>
        <line num="5" count="15" type="stmt"/>
        <line num="13" count="15" type="stmt"/>
        <line num="53" count="15" type="stmt"/>
        <line num="54" count="7" type="stmt"/>
        <line num="55" count="7" type="cond" truecount="2" falsecount="0"/>
        <line num="56" count="5" type="stmt"/>
        <line num="58" count="2" type="stmt"/>
        <line num="62" count="15" type="stmt"/>
        <line num="64" count="1" type="cond" truecount="1" falsecount="1"/>
        <line num="65" count="1" type="cond" truecount="1" falsecount="1"/>
        <line num="66" count="1" type="cond" truecount="1" falsecount="1"/>
        <line num="69" count="1" type="stmt"/>
        <line num="71" count="1" type="stmt"/>
        <line num="80" count="1" type="stmt"/>
        <line num="83" count="15" type="stmt"/>
        <line num="85" count="15" type="stmt"/>
        <line num="110" count="50" type="stmt"/>
        <line num="112" count="7" type="stmt"/>
        <line num="130" count="0" type="stmt"/>
        <line num="150" count="4" type="stmt"/>
        <line num="179" count="0" type="stmt"/>
        <line num="207" count="0" type="stmt"/>
      </file>
      <file name="Store.jsx" path="C:\Users\Darki\OneDrive\Escritorio\proyecto2.o\bookwise\src\components\Store.jsx">
        <metrics statements="39" coveredstatements="38" conditionals="37" coveredconditionals="31" methods="13" coveredmethods="12"/>
        <line num="7" count="1" type="stmt"/>
        <line num="29" count="9" type="stmt"/>
        <line num="30" count="9" type="stmt"/>
        <line num="31" count="9" type="stmt"/>
        <line num="34" count="9" type="cond" truecount="2" falsecount="0"/>
        <line num="35" count="9" type="stmt"/>
        <line num="38" count="9" type="stmt"/>
        <line num="39" count="5" type="cond" truecount="2" falsecount="0"/>
        <line num="42" count="9" type="cond" truecount="2" falsecount="0"/>
        <line num="44" count="11" type="stmt"/>
        <line num="46" count="9" type="stmt"/>
        <line num="47" count="1" type="stmt"/>
        <line num="48" count="1" type="cond" truecount="1" falsecount="1"/>
        <line num="49" count="1" type="stmt"/>
        <line num="50" count="1" type="stmt"/>
        <line num="52" count="1" type="cond" truecount="1" falsecount="1"/>
        <line num="53" count="1" type="stmt"/>
        <line num="56" count="0" type="stmt"/>
        <line num="58" count="1" type="stmt"/>
        <line num="61" count="9" type="cond" truecount="1" falsecount="0"/>
        <line num="62" count="2" type="stmt"/>
        <line num="63" count="2" type="stmt"/>
        <line num="64" count="2" type="cond" truecount="2" falsecount="2"/>
        <line num="67" count="2" type="stmt"/>
        <line num="70" count="2" type="stmt"/>
        <line num="75" count="2" type="stmt"/>
        <line num="78" count="9" type="stmt"/>
        <line num="79" count="1" type="cond" truecount="1" falsecount="1"/>
        <line num="80" count="1" type="stmt"/>
        <line num="84" count="9" type="stmt"/>
        <line num="142" count="45" type="stmt"/>
        <line num="144" count="1" type="stmt"/>
        <line num="157" count="92" type="stmt"/>
        <line num="158" count="92" type="stmt"/>
        <line num="159" count="92" type="cond" truecount="1" falsecount="1"/>
        <line num="161" count="92" type="stmt"/>
        <line num="164" count="1" type="stmt"/>
        <line num="175" count="1" type="stmt"/>
        <line num="176" count="1" type="stmt"/>
      </file>
      <file name="ThemeToggle.jsx" path="C:\Users\Darki\OneDrive\Escritorio\proyecto2.o\bookwise\src\components\ThemeToggle.jsx">
        <metrics statements="2" coveredstatements="2" conditionals="4" coveredconditionals="2" methods="1" coveredmethods="1"/>
        <line num="4" count="11" type="stmt"/>
        <line num="6" count="11" type="stmt"/>
      </file>
      <file name="WorldMap.jsx" path="C:\Users\Darki\OneDrive\Escritorio\proyecto2.o\bookwise\src\components\WorldMap.jsx">
        <metrics statements="46" coveredstatements="36" conditionals="70" coveredconditionals="60" methods="15" coveredmethods="9"/>
        <line num="3" count="1" type="stmt"/>
        <line num="38" count="1" type="stmt"/>
        <line num="51" count="8" type="cond" truecount="2" falsecount="0"/>
        <line num="52" count="8" type="stmt"/>
        <line num="53" count="8" type="stmt"/>
        <line num="56" count="8" type="stmt"/>
        <line num="59" count="8" type="stmt"/>
        <line num="60" count="4" type="stmt"/>
        <line num="63" count="8" type="stmt"/>
        <line num="64" count="12" type="cond" truecount="3" falsecount="1"/>
        <line num="67" count="8" type="stmt"/>
        <line num="68" count="8" type="stmt"/>
        <line num="70" count="8" type="stmt"/>
        <line num="71" count="0" type="cond" truecount="0" falsecount="2"/>
        <line num="72" count="0" type="stmt"/>
        <line num="73" count="0" type="stmt"/>
        <line num="74" count="0" type="stmt"/>
        <line num="76" count="0" type="stmt"/>
        <line num="77" count="0" type="stmt"/>
        <line num="78" count="0" type="stmt"/>
        <line num="81" count="8" type="stmt"/>
        <line num="82" count="0" type="stmt"/>
        <line num="86" count="8" type="stmt"/>
        <line num="87" count="4" type="stmt"/>
        <line num="88" count="4" type="stmt"/>
        <line num="89" count="20" type="stmt"/>
        <line num="90" count="20" type="stmt"/>
        <line num="91" count="20" type="stmt"/>
        <line num="94" count="20" type="stmt"/>
        <line num="95" count="20" type="stmt"/>
        <line num="97" count="20" type="stmt"/>
        <line num="108" count="4" type="stmt"/>
        <line num="112" count="8" type="stmt"/>
        <line num="113" count="8" type="stmt"/>
        <line num="114" count="4" type="cond" truecount="1" falsecount="1"/>
        <line num="115" count="100" type="stmt"/>
        <line num="123" count="4" type="stmt"/>
        <line num="126" count="8" type="stmt"/>
        <line num="189" count="40" type="cond" truecount="2" falsecount="0"/>
        <line num="190" count="32" type="stmt"/>
        <line num="191" count="32" type="cond" truecount="2" falsecount="0"/>
        <line num="192" count="40" type="stmt"/>
        <line num="223" count="40" type="stmt"/>
        <line num="305" count="100" type="stmt"/>
        <line num="347" count="0" type="stmt"/>
        <line num="358" count="0" type="stmt"/>
      </file>
    </package>
    <package name="hooks">
      <metrics statements="19" coveredstatements="13" conditionals="10" coveredconditionals="5" methods="5" coveredmethods="3"/>
      <file name="useTheme.js" path="C:\Users\Darki\OneDrive\Escritorio\proyecto2.o\bookwise\src\hooks\useTheme.js">
        <metrics statements="19" coveredstatements="13" conditionals="10" coveredconditionals="5" methods="5" coveredmethods="3"/>
        <line num="4" count="11" type="stmt"/>
        <line num="6" count="6" type="stmt"/>
        <line num="7" count="6" type="cond" truecount="2" falsecount="0"/>
        <line num="10" count="1" type="cond" truecount="2" falsecount="2"/>
        <line num="11" count="0" type="stmt"/>
        <line num="13" count="1" type="stmt"/>
        <line num="16" count="11" type="stmt"/>
        <line num="17" count="6" type="stmt"/>
        <line num="18" count="6" type="cond" truecount="1" falsecount="1"/>
        <line num="19" count="0" type="stmt"/>
        <line num="21" count="6" type="stmt"/>
        <line num="23" count="6" type="stmt"/>
        <line num="24" count="6" type="stmt"/>
        <line num="27" count="11" type="stmt"/>
        <line num="28" count="0" type="stmt"/>
        <line num="29" count="0" type="cond" truecount="0" falsecount="2"/>
        <line num="30" count="0" type="stmt"/>
        <line num="31" count="0" type="stmt"/>
        <line num="35" count="11" type="stmt"/>
      </file>
    </package>
  </project>
</coverage>
