{"C:\\Users\\Darki\\OneDrive\\Escritorio\\proyecto2.o\\bookwise\\src\\components\\AvatarDisplay.jsx": {"path":"C:\\Users\\Darki\\OneDrive\\Escritorio\\proyecto2.o\\bookwise\\src\\components\\AvatarDisplay.jsx","statementMap":{"0":{"start":{"line":4,"column":29},"end":{"line":17,"column":null}},"1":{"start":{"line":5,"column":8},"end":{"line":16,"column":null}},"2":{"start":{"line":6,"column":31},"end":{"line":6,"column":null}},"3":{"start":{"line":7,"column":28},"end":{"line":7,"column":null}},"4":{"start":{"line":8,"column":30},"end":{"line":8,"column":null}},"5":{"start":{"line":9,"column":31},"end":{"line":9,"column":null}},"6":{"start":{"line":10,"column":32},"end":{"line":10,"column":null}},"7":{"start":{"line":11,"column":33},"end":{"line":11,"column":null}},"8":{"start":{"line":12,"column":31},"end":{"line":12,"column":null}},"9":{"start":{"line":13,"column":29},"end":{"line":13,"column":null}},"10":{"start":{"line":14,"column":32},"end":{"line":14,"column":null}},"11":{"start":{"line":15,"column":21},"end":{"line":15,"column":null}},"12":{"start":{"line":19,"column":24},"end":{"line":24,"column":null}},"13":{"start":{"line":26,"column":4},"end":{"line":52,"column":null}}},"fnMap":{"0":{"name":"AvatarDisplay","decl":{"start":{"line":2,"column":24},"end":{"line":2,"column":38}},"loc":{"start":{"line":2,"column":94},"end":{"line":54,"column":null}},"line":2},"1":{"name":"(anonymous_1)","decl":{"start":{"line":4,"column":29},"end":{"line":4,"column":30}},"loc":{"start":{"line":4,"column":37},"end":{"line":17,"column":null}},"line":4}},"branchMap":{"0":{"loc":{"start":{"line":2,"column":48},"end":{"line":2,"column":63}},"type":"default-arg","locations":[{"start":{"line":2,"column":59},"end":{"line":2,"column":63}}],"line":2},"1":{"loc":{"start":{"line":2,"column":63},"end":{"line":2,"column":76}},"type":"default-arg","locations":[{"start":{"line":2,"column":70},"end":{"line":2,"column":76}}],"line":2},"2":{"loc":{"start":{"line":2,"column":76},"end":{"line":2,"column":91}},"type":"default-arg","locations":[{"start":{"line":2,"column":88},"end":{"line":2,"column":91}}],"line":2},"3":{"loc":{"start":{"line":5,"column":8},"end":{"line":16,"column":null}},"type":"switch","locations":[{"start":{"line":6,"column":12},"end":{"line":6,"column":null}},{"start":{"line":7,"column":12},"end":{"line":7,"column":null}},{"start":{"line":8,"column":12},"end":{"line":8,"column":null}},{"start":{"line":9,"column":12},"end":{"line":9,"column":null}},{"start":{"line":10,"column":12},"end":{"line":10,"column":null}},{"start":{"line":11,"column":12},"end":{"line":11,"column":null}},{"start":{"line":12,"column":12},"end":{"line":12,"column":null}},{"start":{"line":13,"column":12},"end":{"line":13,"column":null}},{"start":{"line":14,"column":12},"end":{"line":14,"column":null}},{"start":{"line":15,"column":12},"end":{"line":15,"column":null}}],"line":5},"4":{"loc":{"start":{"line":29,"column":17},"end":{"line":32,"column":null}},"type":"cond-expr","locations":[{"start":{"line":30,"column":20},"end":{"line":30,"column":null}},{"start":{"line":32,"column":20},"end":{"line":32,"column":null}}],"line":29},"5":{"loc":{"start":{"line":37,"column":13},"end":{"line":40,"column":null}},"type":"binary-expr","locations":[{"start":{"line":37,"column":13},"end":{"line":37,"column":null}},{"start":{"line":38,"column":16},"end":{"line":40,"column":null}}],"line":37},"6":{"loc":{"start":{"line":42,"column":13},"end":{"line":45,"column":null}},"type":"binary-expr","locations":[{"start":{"line":42,"column":13},"end":{"line":42,"column":null}},{"start":{"line":43,"column":16},"end":{"line":45,"column":null}}],"line":42},"7":{"loc":{"start":{"line":47,"column":13},"end":{"line":50,"column":null}},"type":"binary-expr","locations":[{"start":{"line":47,"column":13},"end":{"line":47,"column":null}},{"start":{"line":48,"column":16},"end":{"line":50,"column":null}}],"line":47}},"s":{"0":11,"1":2,"2":2,"3":0,"4":0,"5":0,"6":0,"7":0,"8":0,"9":0,"10":0,"11":0,"12":11,"13":11},"f":{"0":11,"1":2},"b":{"0":[11],"1":[11],"2":[11],"3":[2,0,0,0,0,0,0,0,0,0],"4":[0,11],"5":[11,2],"6":[11,0],"7":[11,0]},"meta":{"lastBranch":8,"lastFunction":2,"lastStatement":14,"seen":{"f:2:24:2:38":0,"b:2:59:2:63":0,"b:2:70:2:76":1,"b:2:88:2:91":2,"s:4:29:17:Infinity":0,"f:4:29:4:30":1,"b:6:12:6:Infinity:7:12:7:Infinity:8:12:8:Infinity:9:12:9:Infinity:10:12:10:Infinity:11:12:11:Infinity:12:12:12:Infinity:13:12:13:Infinity:14:12:14:Infinity:15:12:15:Infinity":3,"s:5:8:16:Infinity":1,"s:6:31:6:Infinity":2,"s:7:28:7:Infinity":3,"s:8:30:8:Infinity":4,"s:9:31:9:Infinity":5,"s:10:32:10:Infinity":6,"s:11:33:11:Infinity":7,"s:12:31:12:Infinity":8,"s:13:29:13:Infinity":9,"s:14:32:14:Infinity":10,"s:15:21:15:Infinity":11,"s:19:24:24:Infinity":12,"s:26:4:52:Infinity":13,"b:30:20:30:Infinity:32:20:32:Infinity":4,"b:37:13:37:Infinity:38:16:40:Infinity":5,"b:42:13:42:Infinity:43:16:45:Infinity":6,"b:47:13:47:Infinity:48:16:50:Infinity":7}}}
,"C:\\Users\\Darki\\OneDrive\\Escritorio\\proyecto2.o\\bookwise\\src\\components\\BookSearch.jsx": {"path":"C:\\Users\\Darki\\OneDrive\\Escritorio\\proyecto2.o\\bookwise\\src\\components\\BookSearch.jsx","statementMap":{"0":{"start":{"line":5,"column":26},"end":{"line":5,"column":null}},"1":{"start":{"line":6,"column":30},"end":{"line":6,"column":null}},"2":{"start":{"line":7,"column":30},"end":{"line":7,"column":null}},"3":{"start":{"line":8,"column":26},"end":{"line":8,"column":null}},"4":{"start":{"line":9,"column":32},"end":{"line":9,"column":null}},"5":{"start":{"line":12,"column":8},"end":{"line":12,"column":null}},"6":{"start":{"line":13,"column":8},"end":{"line":13,"column":null}},"7":{"start":{"line":13,"column":27},"end":{"line":13,"column":null}},"8":{"start":{"line":15,"column":8},"end":{"line":15,"column":null}},"9":{"start":{"line":16,"column":8},"end":{"line":16,"column":null}},"10":{"start":{"line":17,"column":8},"end":{"line":17,"column":null}},"11":{"start":{"line":18,"column":8},"end":{"line":18,"column":null}},"12":{"start":{"line":20,"column":8},"end":{"line":31,"column":null}},"13":{"start":{"line":21,"column":25},"end":{"line":21,"column":null}},"14":{"start":{"line":22,"column":12},"end":{"line":26,"column":null}},"15":{"start":{"line":23,"column":16},"end":{"line":23,"column":null}},"16":{"start":{"line":25,"column":16},"end":{"line":25,"column":null}},"17":{"start":{"line":28,"column":12},"end":{"line":28,"column":null}},"18":{"start":{"line":30,"column":12},"end":{"line":30,"column":null}},"19":{"start":{"line":34,"column":4},"end":{"line":162,"column":null}},"20":{"start":{"line":46,"column":41},"end":{"line":46,"column":null}},"21":{"start":{"line":73,"column":24},"end":{"line":158,"column":null}},"22":{"start":{"line":122,"column":60},"end":{"line":122,"column":null}},"23":{"start":{"line":123,"column":44},"end":{"line":138,"column":null}},"24":{"start":{"line":151,"column":55},"end":{"line":151,"column":null}}},"fnMap":{"0":{"name":"BookSearch","decl":{"start":{"line":4,"column":24},"end":{"line":4,"column":35}},"loc":{"start":{"line":4,"column":51},"end":{"line":164,"column":null}},"line":4},"1":{"name":"handleSearch","decl":{"start":{"line":11,"column":19},"end":{"line":11,"column":32}},"loc":{"start":{"line":11,"column":35},"end":{"line":32,"column":null}},"line":11},"2":{"name":"(anonymous_2)","decl":{"start":{"line":46,"column":34},"end":{"line":46,"column":35}},"loc":{"start":{"line":46,"column":41},"end":{"line":46,"column":null}},"line":46},"3":{"name":"(anonymous_3)","decl":{"start":{"line":72,"column":33},"end":{"line":72,"column":34}},"loc":{"start":{"line":73,"column":24},"end":{"line":158,"column":null}},"line":73},"4":{"name":"(anonymous_4)","decl":{"start":{"line":121,"column":60},"end":{"line":121,"column":61}},"loc":{"start":{"line":121,"column":74},"end":{"line":140,"column":41}},"line":121},"5":{"name":"(anonymous_5)","decl":{"start":{"line":151,"column":49},"end":{"line":151,"column":55}},"loc":{"start":{"line":151,"column":55},"end":{"line":151,"column":null}},"line":151}},"branchMap":{"0":{"loc":{"start":{"line":13,"column":8},"end":{"line":13,"column":null}},"type":"if","locations":[{"start":{"line":13,"column":8},"end":{"line":13,"column":null}},{"start":{},"end":{}}],"line":13},"1":{"loc":{"start":{"line":22,"column":12},"end":{"line":26,"column":null}},"type":"if","locations":[{"start":{"line":22,"column":12},"end":{"line":26,"column":null}},{"start":{"line":24,"column":19},"end":{"line":26,"column":null}}],"line":22},"2":{"loc":{"start":{"line":23,"column":27},"end":{"line":23,"column":43}},"type":"binary-expr","locations":[{"start":{"line":23,"column":27},"end":{"line":23,"column":41}},{"start":{"line":23,"column":41},"end":{"line":23,"column":43}}],"line":23},"3":{"loc":{"start":{"line":55,"column":25},"end":{"line":55,"column":null}},"type":"cond-expr","locations":[{"start":{"line":55,"column":35},"end":{"line":55,"column":51}},{"start":{"line":55,"column":51},"end":{"line":55,"column":null}}],"line":55},"4":{"loc":{"start":{"line":59,"column":17},"end":{"line":62,"column":null}},"type":"binary-expr","locations":[{"start":{"line":59,"column":17},"end":{"line":59,"column":null}},{"start":{"line":60,"column":20},"end":{"line":62,"column":null}}],"line":59},"5":{"loc":{"start":{"line":65,"column":17},"end":{"line":68,"column":null}},"type":"binary-expr","locations":[{"start":{"line":65,"column":17},"end":{"line":65,"column":29}},{"start":{"line":65,"column":29},"end":{"line":65,"column":41}},{"start":{"line":65,"column":41},"end":{"line":65,"column":65}},{"start":{"line":65,"column":65},"end":{"line":65,"column":null}},{"start":{"line":66,"column":20},"end":{"line":68,"column":null}}],"line":65},"6":{"loc":{"start":{"line":83,"column":41},"end":{"line":86,"column":null}},"type":"binary-expr","locations":[{"start":{"line":83,"column":41},"end":{"line":83,"column":null}},{"start":{"line":84,"column":44},"end":{"line":86,"column":null}}],"line":83},"7":{"loc":{"start":{"line":91,"column":36},"end":{"line":95,"column":null}},"type":"binary-expr","locations":[{"start":{"line":92,"column":38},"end":{"line":92,"column":58}},{"start":{"line":92,"column":58},"end":{"line":92,"column":null}},{"start":{"line":93,"column":40},"end":{"line":95,"column":null}}],"line":91},"8":{"loc":{"start":{"line":94,"column":45},"end":{"line":94,"column":null}},"type":"binary-expr","locations":[{"start":{"line":94,"column":45},"end":{"line":94,"column":65}},{"start":{"line":94,"column":65},"end":{"line":94,"column":null}}],"line":94},"9":{"loc":{"start":{"line":98,"column":33},"end":{"line":101,"column":null}},"type":"binary-expr","locations":[{"start":{"line":98,"column":33},"end":{"line":98,"column":null}},{"start":{"line":99,"column":36},"end":{"line":101,"column":null}}],"line":98},"10":{"loc":{"start":{"line":105,"column":29},"end":{"line":113,"column":null}},"type":"binary-expr","locations":[{"start":{"line":105,"column":29},"end":{"line":105,"column":null}},{"start":{"line":106,"column":32},"end":{"line":113,"column":null}}],"line":105},"11":{"loc":{"start":{"line":117,"column":29},"end":{"line":142,"column":null}},"type":"binary-expr","locations":[{"start":{"line":117,"column":29},"end":{"line":117,"column":47}},{"start":{"line":117,"column":47},"end":{"line":117,"column":null}},{"start":{"line":118,"column":32},"end":{"line":142,"column":null}}],"line":117},"12":{"loc":{"start":{"line":147,"column":37},"end":{"line":147,"column":null}},"type":"cond-expr","locations":[{"start":{"line":147,"column":50},"end":{"line":147,"column":85}},{"start":{"line":147,"column":85},"end":{"line":147,"column":null}}],"line":147},"13":{"loc":{"start":{"line":149,"column":33},"end":{"line":155,"column":null}},"type":"binary-expr","locations":[{"start":{"line":149,"column":33},"end":{"line":149,"column":null}},{"start":{"line":150,"column":36},"end":{"line":155,"column":null}}],"line":149}},"s":{"0":13,"1":13,"2":13,"3":13,"4":13,"5":3,"6":3,"7":0,"8":3,"9":3,"10":3,"11":3,"12":3,"13":3,"14":2,"15":2,"16":0,"17":1,"18":3,"19":13,"20":3,"21":2,"22":0,"23":0,"24":1},"f":{"0":13,"1":3,"2":3,"3":2,"4":0,"5":1},"b":{"0":[0,3],"1":[2,0],"2":[2,0],"3":[3,10],"4":[13,1],"5":[13,10,3,1,0],"6":[2,1],"7":[2,1,1],"8":[1,0],"9":[2,0],"10":[2,0],"11":[2,0,0],"12":[0,2],"13":[2,1]},"meta":{"lastBranch":14,"lastFunction":6,"lastStatement":25,"seen":{"f:4:24:4:35":0,"s:5:26:5:Infinity":0,"s:6:30:6:Infinity":1,"s:7:30:7:Infinity":2,"s:8:26:8:Infinity":3,"s:9:32:9:Infinity":4,"f:11:19:11:32":1,"s:12:8:12:Infinity":5,"b:13:8:13:Infinity:undefined:undefined:undefined:undefined":0,"s:13:8:13:Infinity":6,"s:13:27:13:Infinity":7,"s:15:8:15:Infinity":8,"s:16:8:16:Infinity":9,"s:17:8:17:Infinity":10,"s:18:8:18:Infinity":11,"s:20:8:31:Infinity":12,"s:21:25:21:Infinity":13,"b:22:12:26:Infinity:24:19:26:Infinity":1,"s:22:12:26:Infinity":14,"s:23:16:23:Infinity":15,"b:23:27:23:41:23:41:23:43":2,"s:25:16:25:Infinity":16,"s:28:12:28:Infinity":17,"s:30:12:30:Infinity":18,"s:34:4:162:Infinity":19,"f:46:34:46:35":2,"s:46:41:46:Infinity":20,"b:55:35:55:51:55:51:55:Infinity":3,"b:59:17:59:Infinity:60:20:62:Infinity":4,"b:65:17:65:29:65:29:65:41:65:41:65:65:65:65:65:Infinity:66:20:68:Infinity":5,"f:72:33:72:34":3,"s:73:24:158:Infinity":21,"b:83:41:83:Infinity:84:44:86:Infinity":6,"b:92:38:92:58:92:58:92:Infinity:93:40:95:Infinity":7,"b:94:45:94:65:94:65:94:Infinity":8,"b:98:33:98:Infinity:99:36:101:Infinity":9,"b:105:29:105:Infinity:106:32:113:Infinity":10,"b:117:29:117:47:117:47:117:Infinity:118:32:142:Infinity":11,"f:121:60:121:61":4,"s:122:60:122:Infinity":22,"s:123:44:138:Infinity":23,"b:147:50:147:85:147:85:147:Infinity":12,"b:149:33:149:Infinity:150:36:155:Infinity":13,"f:151:49:151:55":5,"s:151:55:151:Infinity":24}}}
,"C:\\Users\\Darki\\OneDrive\\Escritorio\\proyecto2.o\\bookwise\\src\\components\\CharacterCreation.jsx": {"path":"C:\\Users\\Darki\\OneDrive\\Escritorio\\proyecto2.o\\bookwise\\src\\components\\CharacterCreation.jsx","statementMap":{"0":{"start":{"line":4,"column":16},"end":{"line":17,"column":null}},"1":{"start":{"line":20,"column":22},"end":{"line":20,"column":null}},"2":{"start":{"line":21,"column":42},"end":{"line":23,"column":null}},"3":{"start":{"line":24,"column":24},"end":{"line":24,"column":null}},"4":{"start":{"line":27,"column":4},"end":{"line":27,"column":null}},"5":{"start":{"line":29,"column":4},"end":{"line":32,"column":null}},"6":{"start":{"line":30,"column":6},"end":{"line":30,"column":null}},"7":{"start":{"line":31,"column":6},"end":{"line":31,"column":null}},"8":{"start":{"line":34,"column":4},"end":{"line":37,"column":null}},"9":{"start":{"line":35,"column":6},"end":{"line":35,"column":null}},"10":{"start":{"line":36,"column":6},"end":{"line":36,"column":null}},"11":{"start":{"line":39,"column":4},"end":{"line":42,"column":null}},"12":{"start":{"line":40,"column":6},"end":{"line":40,"column":null}},"13":{"start":{"line":41,"column":6},"end":{"line":41,"column":null}},"14":{"start":{"line":44,"column":22},"end":{"line":59,"column":null}},"15":{"start":{"line":61,"column":4},"end":{"line":61,"column":null}},"16":{"start":{"line":64,"column":2},"end":{"line":175,"column":null}},"17":{"start":{"line":90,"column":18},"end":{"line":90,"column":null}},"18":{"start":{"line":91,"column":18},"end":{"line":91,"column":null}},"19":{"start":{"line":112,"column":18},"end":{"line":123,"column":null}},"20":{"start":{"line":115,"column":35},"end":{"line":115,"column":null}}},"fnMap":{"0":{"name":"CharacterCreation","decl":{"start":{"line":19,"column":24},"end":{"line":19,"column":42}},"loc":{"start":{"line":19,"column":86},"end":{"line":177,"column":null}},"line":19},"1":{"name":"handleSubmit","decl":{"start":{"line":26,"column":11},"end":{"line":26,"column":24}},"loc":{"start":{"line":26,"column":27},"end":{"line":62,"column":null}},"line":26},"2":{"name":"(anonymous_2)","decl":{"start":{"line":89,"column":26},"end":{"line":89,"column":27}},"loc":{"start":{"line":89,"column":33},"end":{"line":92,"column":null}},"line":89},"3":{"name":"(anonymous_3)","decl":{"start":{"line":111,"column":29},"end":{"line":111,"column":30}},"loc":{"start":{"line":112,"column":18},"end":{"line":123,"column":null}},"line":112},"4":{"name":"(anonymous_4)","decl":{"start":{"line":115,"column":29},"end":{"line":115,"column":35}},"loc":{"start":{"line":115,"column":35},"end":{"line":115,"column":null}},"line":115}},"branchMap":{"0":{"loc":{"start":{"line":20,"column":35},"end":{"line":20,"column":63}},"type":"binary-expr","locations":[{"start":{"line":20,"column":35},"end":{"line":20,"column":61}},{"start":{"line":20,"column":61},"end":{"line":20,"column":63}}],"line":20},"1":{"loc":{"start":{"line":22,"column":4},"end":{"line":22,"column":null}},"type":"binary-expr","locations":[{"start":{"line":22,"column":4},"end":{"line":22,"column":32}},{"start":{"line":22,"column":32},"end":{"line":22,"column":null}}],"line":22},"2":{"loc":{"start":{"line":29,"column":4},"end":{"line":32,"column":null}},"type":"if","locations":[{"start":{"line":29,"column":4},"end":{"line":32,"column":null}},{"start":{},"end":{}}],"line":29},"3":{"loc":{"start":{"line":34,"column":4},"end":{"line":37,"column":null}},"type":"if","locations":[{"start":{"line":34,"column":4},"end":{"line":37,"column":null}},{"start":{},"end":{}}],"line":34},"4":{"loc":{"start":{"line":39,"column":4},"end":{"line":42,"column":null}},"type":"if","locations":[{"start":{"line":39,"column":4},"end":{"line":42,"column":null}},{"start":{},"end":{}}],"line":39},"5":{"loc":{"start":{"line":44,"column":22},"end":{"line":59,"column":null}},"type":"cond-expr","locations":[{"start":{"line":45,"column":8},"end":{"line":49,"column":null}},{"start":{"line":50,"column":8},"end":{"line":59,"column":null}}],"line":44},"6":{"loc":{"start":{"line":75,"column":15},"end":{"line":75,"column":null}},"type":"cond-expr","locations":[{"start":{"line":75,"column":34},"end":{"line":75,"column":59}},{"start":{"line":75,"column":59},"end":{"line":75,"column":null}}],"line":75},"7":{"loc":{"start":{"line":98,"column":15},"end":{"line":101,"column":null}},"type":"binary-expr","locations":[{"start":{"line":98,"column":15},"end":{"line":98,"column":null}},{"start":{"line":99,"column":16},"end":{"line":101,"column":null}}],"line":98},"8":{"loc":{"start":{"line":116,"column":170},"end":{"line":118,"column":null}},"type":"cond-expr","locations":[{"start":{"line":117,"column":24},"end":{"line":117,"column":null}},{"start":{"line":118,"column":24},"end":{"line":118,"column":null}}],"line":116},"9":{"loc":{"start":{"line":129,"column":13},"end":{"line":150,"column":null}},"type":"binary-expr","locations":[{"start":{"line":129,"column":13},"end":{"line":129,"column":null}},{"start":{"line":130,"column":14},"end":{"line":150,"column":null}}],"line":129},"10":{"loc":{"start":{"line":134,"column":21},"end":{"line":137,"column":null}},"type":"cond-expr","locations":[{"start":{"line":135,"column":22},"end":{"line":135,"column":null}},{"start":{"line":137,"column":22},"end":{"line":137,"column":null}}],"line":134},"11":{"loc":{"start":{"line":144,"column":23},"end":{"line":146,"column":null}},"type":"cond-expr","locations":[{"start":{"line":145,"column":26},"end":{"line":145,"column":null}},{"start":{"line":146,"column":26},"end":{"line":146,"column":null}}],"line":144},"12":{"loc":{"start":{"line":155,"column":15},"end":{"line":162,"column":null}},"type":"binary-expr","locations":[{"start":{"line":155,"column":15},"end":{"line":155,"column":35}},{"start":{"line":155,"column":35},"end":{"line":155,"column":null}},{"start":{"line":156,"column":16},"end":{"line":162,"column":null}}],"line":155},"13":{"loc":{"start":{"line":167,"column":30},"end":{"line":167,"column":84}},"type":"cond-expr","locations":[{"start":{"line":167,"column":61},"end":{"line":167,"column":76}},{"start":{"line":167,"column":76},"end":{"line":167,"column":84}}],"line":167},"14":{"loc":{"start":{"line":167,"column":30},"end":{"line":167,"column":61}},"type":"binary-expr","locations":[{"start":{"line":167,"column":30},"end":{"line":167,"column":50}},{"start":{"line":167,"column":50},"end":{"line":167,"column":61}}],"line":167},"15":{"loc":{"start":{"line":169,"column":17},"end":{"line":169,"column":null}},"type":"cond-expr","locations":[{"start":{"line":169,"column":36},"end":{"line":169,"column":59}},{"start":{"line":169,"column":59},"end":{"line":169,"column":null}}],"line":169}},"s":{"0":1,"1":12,"2":12,"3":12,"4":2,"5":2,"6":0,"7":0,"8":2,"9":1,"10":1,"11":1,"12":0,"13":0,"14":1,"15":2,"16":12,"17":3,"18":3,"19":144,"20":2},"f":{"0":12,"1":2,"2":3,"3":144,"4":2},"b":{"0":[12,11],"1":[12,11],"2":[0,2],"3":[1,1],"4":[0,1],"5":[0,1],"6":[1,11],"7":[12,1],"8":[12,132],"9":[12,6],"10":[0,6],"11":[1,5],"12":[12,1,0],"13":[0,12],"14":[12,1],"15":[1,11]},"meta":{"lastBranch":16,"lastFunction":5,"lastStatement":21,"seen":{"s:4:16:17:Infinity":0,"f:19:24:19:42":0,"s:20:22:20:Infinity":1,"b:20:35:20:61:20:61:20:63":0,"s:21:42:23:Infinity":2,"b:22:4:22:32:22:32:22:Infinity":1,"s:24:24:24:Infinity":3,"f:26:11:26:24":1,"s:27:4:27:Infinity":4,"b:29:4:32:Infinity:undefined:undefined:undefined:undefined":2,"s:29:4:32:Infinity":5,"s:30:6:30:Infinity":6,"s:31:6:31:Infinity":7,"b:34:4:37:Infinity:undefined:undefined:undefined:undefined":3,"s:34:4:37:Infinity":8,"s:35:6:35:Infinity":9,"s:36:6:36:Infinity":10,"b:39:4:42:Infinity:undefined:undefined:undefined:undefined":4,"s:39:4:42:Infinity":11,"s:40:6:40:Infinity":12,"s:41:6:41:Infinity":13,"s:44:22:59:Infinity":14,"b:45:8:49:Infinity:50:8:59:Infinity":5,"s:61:4:61:Infinity":15,"s:64:2:175:Infinity":16,"b:75:34:75:59:75:59:75:Infinity":6,"f:89:26:89:27":2,"s:90:18:90:Infinity":17,"s:91:18:91:Infinity":18,"b:98:15:98:Infinity:99:16:101:Infinity":7,"f:111:29:111:30":3,"s:112:18:123:Infinity":19,"f:115:29:115:35":4,"s:115:35:115:Infinity":20,"b:117:24:117:Infinity:118:24:118:Infinity":8,"b:129:13:129:Infinity:130:14:150:Infinity":9,"b:135:22:135:Infinity:137:22:137:Infinity":10,"b:145:26:145:Infinity:146:26:146:Infinity":11,"b:155:15:155:35:155:35:155:Infinity:156:16:162:Infinity":12,"b:167:61:167:76:167:76:167:84":13,"b:167:30:167:50:167:50:167:61":14,"b:169:36:169:59:169:59:169:Infinity":15}}}
,"C:\\Users\\Darki\\OneDrive\\Escritorio\\proyecto2.o\\bookwise\\src\\components\\CharacterProfile.jsx": {"path":"C:\\Users\\Darki\\OneDrive\\Escritorio\\proyecto2.o\\bookwise\\src\\components\\CharacterProfile.jsx","statementMap":{"0":{"start":{"line":5,"column":2},"end":{"line":5,"column":null}},"1":{"start":{"line":5,"column":18},"end":{"line":5,"column":null}},"2":{"start":{"line":7,"column":24},"end":{"line":7,"column":null}},"3":{"start":{"line":9,"column":17},"end":{"line":14,"column":null}},"4":{"start":{"line":16,"column":2},"end":{"line":111,"column":null}},"5":{"start":{"line":86,"column":34},"end":{"line":86,"column":44}},"6":{"start":{"line":97,"column":12},"end":{"line":107,"column":null}}},"fnMap":{"0":{"name":"CharacterProfile","decl":{"start":{"line":4,"column":24},"end":{"line":4,"column":41}},"loc":{"start":{"line":4,"column":74},"end":{"line":113,"column":null}},"line":4},"1":{"name":"(anonymous_1)","decl":{"start":{"line":86,"column":27},"end":{"line":86,"column":28}},"loc":{"start":{"line":86,"column":34},"end":{"line":86,"column":44}},"line":86},"2":{"name":"(anonymous_2)","decl":{"start":{"line":96,"column":22},"end":{"line":96,"column":23}},"loc":{"start":{"line":97,"column":12},"end":{"line":107,"column":null}},"line":97}},"branchMap":{"0":{"loc":{"start":{"line":5,"column":2},"end":{"line":5,"column":null}},"type":"if","locations":[{"start":{"line":5,"column":2},"end":{"line":5,"column":null}},{"start":{},"end":{}}],"line":5},"1":{"loc":{"start":{"line":23,"column":11},"end":{"line":29,"column":null}},"type":"binary-expr","locations":[{"start":{"line":23,"column":11},"end":{"line":23,"column":null}},{"start":{"line":24,"column":12},"end":{"line":29,"column":null}}],"line":23},"2":{"loc":{"start":{"line":31,"column":11},"end":{"line":37,"column":null}},"type":"binary-expr","locations":[{"start":{"line":31,"column":11},"end":{"line":31,"column":null}},{"start":{"line":32,"column":12},"end":{"line":37,"column":null}}],"line":31},"3":{"loc":{"start":{"line":99,"column":127},"end":{"line":101,"column":null}},"type":"cond-expr","locations":[{"start":{"line":100,"column":18},"end":{"line":100,"column":null}},{"start":{"line":101,"column":18},"end":{"line":101,"column":null}}],"line":99}},"s":{"0":3,"1":0,"2":3,"3":3,"4":3,"5":12,"6":12},"f":{"0":3,"1":12,"2":12},"b":{"0":[0,3],"1":[3,0],"2":[3,1],"3":[9,3]},"meta":{"lastBranch":4,"lastFunction":3,"lastStatement":7,"seen":{"f:4:24:4:41":0,"b:5:2:5:Infinity:undefined:undefined:undefined:undefined":0,"s:5:2:5:Infinity":0,"s:5:18:5:Infinity":1,"s:7:24:7:Infinity":2,"s:9:17:14:Infinity":3,"s:16:2:111:Infinity":4,"b:23:11:23:Infinity:24:12:29:Infinity":1,"b:31:11:31:Infinity:32:12:37:Infinity":2,"f:86:27:86:28":1,"s:86:34:86:44":5,"f:96:22:96:23":2,"s:97:12:107:Infinity":6,"b:100:18:100:Infinity:101:18:101:Infinity":3}}}
,"C:\\Users\\Darki\\OneDrive\\Escritorio\\proyecto2.o\\bookwise\\src\\components\\MotionCard.jsx": {"path":"C:\\Users\\Darki\\OneDrive\\Escritorio\\proyecto2.o\\bookwise\\src\\components\\MotionCard.jsx","statementMap":{"0":{"start":{"line":9,"column":10},"end":{"line":9,"column":null}},"1":{"start":{"line":12,"column":10},"end":{"line":12,"column":null}},"2":{"start":{"line":13,"column":10},"end":{"line":13,"column":null}},"3":{"start":{"line":16,"column":10},"end":{"line":16,"column":null}},"4":{"start":{"line":17,"column":10},"end":{"line":17,"column":null}},"5":{"start":{"line":20,"column":10},"end":{"line":20,"column":null}},"6":{"start":{"line":21,"column":10},"end":{"line":21,"column":null}},"7":{"start":{"line":23,"column":28},"end":{"line":36,"column":null}},"8":{"start":{"line":24,"column":8},"end":{"line":24,"column":null}},"9":{"start":{"line":24,"column":30},"end":{"line":24,"column":null}},"10":{"start":{"line":26,"column":21},"end":{"line":26,"column":null}},"11":{"start":{"line":27,"column":22},"end":{"line":27,"column":null}},"12":{"start":{"line":28,"column":23},"end":{"line":28,"column":null}},"13":{"start":{"line":31,"column":14},"end":{"line":31,"column":null}},"14":{"start":{"line":32,"column":14},"end":{"line":32,"column":null}},"15":{"start":{"line":34,"column":8},"end":{"line":34,"column":null}},"16":{"start":{"line":35,"column":8},"end":{"line":35,"column":null}},"17":{"start":{"line":38,"column":29},"end":{"line":41,"column":null}},"18":{"start":{"line":39,"column":8},"end":{"line":39,"column":null}},"19":{"start":{"line":40,"column":8},"end":{"line":40,"column":null}},"20":{"start":{"line":43,"column":4},"end":{"line":66,"column":null}}},"fnMap":{"0":{"name":"MotionCard","decl":{"start":{"line":8,"column":24},"end":{"line":8,"column":35}},"loc":{"start":{"line":8,"column":76},"end":{"line":68,"column":null}},"line":8},"1":{"name":"(anonymous_1)","decl":{"start":{"line":23,"column":28},"end":{"line":23,"column":29}},"loc":{"start":{"line":23,"column":39},"end":{"line":36,"column":null}},"line":23},"2":{"name":"(anonymous_2)","decl":{"start":{"line":38,"column":29},"end":{"line":38,"column":35}},"loc":{"start":{"line":38,"column":35},"end":{"line":41,"column":null}},"line":38}},"branchMap":{"0":{"loc":{"start":{"line":8,"column":47},"end":{"line":8,"column":63}},"type":"default-arg","locations":[{"start":{"line":8,"column":59},"end":{"line":8,"column":63}}],"line":8},"1":{"loc":{"start":{"line":8,"column":63},"end":{"line":8,"column":73}},"type":"default-arg","locations":[{"start":{"line":8,"column":71},"end":{"line":8,"column":73}}],"line":8},"2":{"loc":{"start":{"line":24,"column":8},"end":{"line":24,"column":null}},"type":"if","locations":[{"start":{"line":24,"column":8},"end":{"line":24,"column":null}},{"start":{},"end":{}}],"line":24}},"s":{"0":84,"1":84,"2":84,"3":84,"4":84,"5":84,"6":84,"7":84,"8":1,"9":0,"10":1,"11":1,"12":1,"13":1,"14":1,"15":1,"16":1,"17":84,"18":1,"19":1,"20":84},"f":{"0":84,"1":1,"2":1},"b":{"0":[84],"1":[84],"2":[0,1]},"meta":{"lastBranch":3,"lastFunction":3,"lastStatement":21,"seen":{"f:8:24:8:35":0,"b:8:59:8:63":0,"b:8:71:8:73":1,"s:9:10:9:Infinity":0,"s:12:10:12:Infinity":1,"s:13:10:13:Infinity":2,"s:16:10:16:Infinity":3,"s:17:10:17:Infinity":4,"s:20:10:20:Infinity":5,"s:21:10:21:Infinity":6,"s:23:28:36:Infinity":7,"f:23:28:23:29":1,"b:24:8:24:Infinity:undefined:undefined:undefined:undefined":2,"s:24:8:24:Infinity":8,"s:24:30:24:Infinity":9,"s:26:21:26:Infinity":10,"s:27:22:27:Infinity":11,"s:28:23:28:Infinity":12,"s:31:14:31:Infinity":13,"s:32:14:32:Infinity":14,"s:34:8:34:Infinity":15,"s:35:8:35:Infinity":16,"s:38:29:41:Infinity":17,"f:38:29:38:35":2,"s:39:8:39:Infinity":18,"s:40:8:40:Infinity":19,"s:43:4:66:Infinity":20}}}
,"C:\\Users\\Darki\\OneDrive\\Escritorio\\proyecto2.o\\bookwise\\src\\components\\ProfileForm.jsx": {"path":"C:\\Users\\Darki\\OneDrive\\Escritorio\\proyecto2.o\\bookwise\\src\\components\\ProfileForm.jsx","statementMap":{"0":{"start":{"line":4,"column":22},"end":{"line":4,"column":null}},"1":{"start":{"line":5,"column":34},"end":{"line":11,"column":null}},"2":{"start":{"line":13,"column":16},"end":{"line":51,"column":null}},"3":{"start":{"line":53,"column":23},"end":{"line":60,"column":null}},"4":{"start":{"line":54,"column":4},"end":{"line":54,"column":null}},"5":{"start":{"line":54,"column":27},"end":{"line":54,"column":55}},"6":{"start":{"line":55,"column":4},"end":{"line":59,"column":null}},"7":{"start":{"line":56,"column":6},"end":{"line":56,"column":null}},"8":{"start":{"line":58,"column":6},"end":{"line":58,"column":null}},"9":{"start":{"line":62,"column":23},"end":{"line":81,"column":null}},"10":{"start":{"line":64,"column":22},"end":{"line":64,"column":null}},"11":{"start":{"line":64,"column":49},"end":{"line":64,"column":79}},"12":{"start":{"line":65,"column":22},"end":{"line":65,"column":null}},"13":{"start":{"line":65,"column":49},"end":{"line":65,"column":74}},"14":{"start":{"line":66,"column":21},"end":{"line":66,"column":null}},"15":{"start":{"line":66,"column":48},"end":{"line":66,"column":72}},"16":{"start":{"line":69,"column":22},"end":{"line":69,"column":null}},"17":{"start":{"line":71,"column":20},"end":{"line":78,"column":null}},"18":{"start":{"line":80,"column":4},"end":{"line":80,"column":null}},"19":{"start":{"line":83,"column":18},"end":{"line":83,"column":null}},"20":{"start":{"line":85,"column":2},"end":{"line":216,"column":null}},"21":{"start":{"line":110,"column":16},"end":{"line":124,"column":null}},"22":{"start":{"line":112,"column":33},"end":{"line":112,"column":null}},"23":{"start":{"line":130,"column":31},"end":{"line":130,"column":null}},"24":{"start":{"line":150,"column":35},"end":{"line":150,"column":null}},"25":{"start":{"line":150,"column":58},"end":{"line":150,"column":91}},"26":{"start":{"line":179,"column":37},"end":{"line":179,"column":null}},"27":{"start":{"line":179,"column":60},"end":{"line":179,"column":94}},"28":{"start":{"line":207,"column":31},"end":{"line":207,"column":null}}},"fnMap":{"0":{"name":"ProfileForm","decl":{"start":{"line":3,"column":24},"end":{"line":3,"column":36}},"loc":{"start":{"line":3,"column":73},"end":{"line":218,"column":null}},"line":3},"1":{"name":"(anonymous_1)","decl":{"start":{"line":53,"column":23},"end":{"line":53,"column":24}},"loc":{"start":{"line":53,"column":41},"end":{"line":60,"column":null}},"line":53},"2":{"name":"(anonymous_2)","decl":{"start":{"line":54,"column":18},"end":{"line":54,"column":27}},"loc":{"start":{"line":54,"column":27},"end":{"line":54,"column":55}},"line":54},"3":{"name":"(anonymous_3)","decl":{"start":{"line":62,"column":23},"end":{"line":62,"column":29}},"loc":{"start":{"line":62,"column":29},"end":{"line":81,"column":null}},"line":62},"4":{"name":"(anonymous_4)","decl":{"start":{"line":64,"column":44},"end":{"line":64,"column":49}},"loc":{"start":{"line":64,"column":49},"end":{"line":64,"column":79}},"line":64},"5":{"name":"(anonymous_5)","decl":{"start":{"line":65,"column":44},"end":{"line":65,"column":49}},"loc":{"start":{"line":65,"column":49},"end":{"line":65,"column":74}},"line":65},"6":{"name":"(anonymous_6)","decl":{"start":{"line":66,"column":43},"end":{"line":66,"column":48}},"loc":{"start":{"line":66,"column":48},"end":{"line":66,"column":72}},"line":66},"7":{"name":"(anonymous_7)","decl":{"start":{"line":109,"column":35},"end":{"line":109,"column":null}},"loc":{"start":{"line":110,"column":16},"end":{"line":124,"column":null}},"line":110},"8":{"name":"(anonymous_8)","decl":{"start":{"line":112,"column":27},"end":{"line":112,"column":33}},"loc":{"start":{"line":112,"column":33},"end":{"line":112,"column":null}},"line":112},"9":{"name":"(anonymous_9)","decl":{"start":{"line":130,"column":25},"end":{"line":130,"column":31}},"loc":{"start":{"line":130,"column":31},"end":{"line":130,"column":null}},"line":130},"10":{"name":"(anonymous_10)","decl":{"start":{"line":150,"column":28},"end":{"line":150,"column":29}},"loc":{"start":{"line":150,"column":35},"end":{"line":150,"column":null}},"line":150},"11":{"name":"(anonymous_11)","decl":{"start":{"line":150,"column":49},"end":{"line":150,"column":58}},"loc":{"start":{"line":150,"column":58},"end":{"line":150,"column":91}},"line":150},"12":{"name":"(anonymous_12)","decl":{"start":{"line":179,"column":30},"end":{"line":179,"column":31}},"loc":{"start":{"line":179,"column":37},"end":{"line":179,"column":null}},"line":179},"13":{"name":"(anonymous_13)","decl":{"start":{"line":179,"column":51},"end":{"line":179,"column":60}},"loc":{"start":{"line":179,"column":60},"end":{"line":179,"column":94}},"line":179},"14":{"name":"(anonymous_14)","decl":{"start":{"line":207,"column":25},"end":{"line":207,"column":31}},"loc":{"start":{"line":207,"column":31},"end":{"line":207,"column":null}},"line":207}},"branchMap":{"0":{"loc":{"start":{"line":9,"column":9},"end":{"line":9,"column":null}},"type":"binary-expr","locations":[{"start":{"line":9,"column":9},"end":{"line":9,"column":32}},{"start":{"line":9,"column":32},"end":{"line":9,"column":null}}],"line":9},"1":{"loc":{"start":{"line":10,"column":10},"end":{"line":10,"column":null}},"type":"binary-expr","locations":[{"start":{"line":10,"column":10},"end":{"line":10,"column":43}},{"start":{"line":10,"column":43},"end":{"line":10,"column":null}}],"line":10},"2":{"loc":{"start":{"line":55,"column":4},"end":{"line":59,"column":null}},"type":"if","locations":[{"start":{"line":55,"column":4},"end":{"line":59,"column":null}},{"start":{"line":57,"column":11},"end":{"line":59,"column":null}}],"line":55},"3":{"loc":{"start":{"line":64,"column":22},"end":{"line":64,"column":null}},"type":"binary-expr","locations":[{"start":{"line":64,"column":22},"end":{"line":64,"column":90}},{"start":{"line":64,"column":90},"end":{"line":64,"column":null}}],"line":64},"4":{"loc":{"start":{"line":65,"column":22},"end":{"line":65,"column":null}},"type":"binary-expr","locations":[{"start":{"line":65,"column":22},"end":{"line":65,"column":85}},{"start":{"line":65,"column":85},"end":{"line":65,"column":null}}],"line":65},"5":{"loc":{"start":{"line":66,"column":21},"end":{"line":66,"column":null}},"type":"binary-expr","locations":[{"start":{"line":66,"column":21},"end":{"line":66,"column":83}},{"start":{"line":66,"column":83},"end":{"line":66,"column":null}}],"line":66},"6":{"loc":{"start":{"line":76,"column":21},"end":{"line":76,"column":null}},"type":"cond-expr","locations":[{"start":{"line":76,"column":90},"end":{"line":76,"column":94}},{"start":{"line":76,"column":94},"end":{"line":76,"column":null}}],"line":76},"7":{"loc":{"start":{"line":76,"column":21},"end":{"line":76,"column":90}},"type":"binary-expr","locations":[{"start":{"line":76,"column":21},"end":{"line":76,"column":56}},{"start":{"line":76,"column":56},"end":{"line":76,"column":90}}],"line":76},"8":{"loc":{"start":{"line":97,"column":9},"end":{"line":213,"column":null}},"type":"cond-expr","locations":[{"start":{"line":98,"column":10},"end":{"line":136,"column":null}},{"start":{"line":138,"column":10},"end":{"line":213,"column":null}}],"line":97},"9":{"loc":{"start":{"line":115,"column":22},"end":{"line":117,"column":91}},"type":"cond-expr","locations":[{"start":{"line":116,"column":24},"end":{"line":116,"column":null}},{"start":{"line":117,"column":24},"end":{"line":117,"column":91}}],"line":115},"10":{"loc":{"start":{"line":128,"column":13},"end":{"line":134,"column":null}},"type":"binary-expr","locations":[{"start":{"line":128,"column":13},"end":{"line":128,"column":null}},{"start":{"line":129,"column":14},"end":{"line":134,"column":null}}],"line":128},"11":{"loc":{"start":{"line":151,"column":154},"end":{"line":151,"column":null}},"type":"cond-expr","locations":[{"start":{"line":151,"column":216},"end":{"line":151,"column":251}},{"start":{"line":151,"column":251},"end":{"line":151,"column":null}}],"line":151},"12":{"loc":{"start":{"line":151,"column":154},"end":{"line":151,"column":216}},"type":"binary-expr","locations":[{"start":{"line":151,"column":154},"end":{"line":151,"column":184}},{"start":{"line":151,"column":184},"end":{"line":151,"column":216}}],"line":151},"13":{"loc":{"start":{"line":154,"column":16},"end":{"line":158,"column":null}},"type":"binary-expr","locations":[{"start":{"line":155,"column":18},"end":{"line":155,"column":48}},{"start":{"line":155,"column":48},"end":{"line":155,"column":null}},{"start":{"line":156,"column":18},"end":{"line":158,"column":null}}],"line":154},"14":{"loc":{"start":{"line":166,"column":21},"end":{"line":169,"column":null}},"type":"cond-expr","locations":[{"start":{"line":166,"column":53},"end":{"line":166,"column":null}},{"start":{"line":167,"column":22},"end":{"line":169,"column":null}}],"line":166},"15":{"loc":{"start":{"line":167,"column":22},"end":{"line":169,"column":null}},"type":"cond-expr","locations":[{"start":{"line":167,"column":54},"end":{"line":167,"column":null}},{"start":{"line":168,"column":24},"end":{"line":169,"column":null}}],"line":167},"16":{"loc":{"start":{"line":168,"column":24},"end":{"line":169,"column":null}},"type":"cond-expr","locations":[{"start":{"line":168,"column":56},"end":{"line":168,"column":null}},{"start":{"line":169,"column":26},"end":{"line":169,"column":null}}],"line":168},"17":{"loc":{"start":{"line":184,"column":23},"end":{"line":184,"column":null}},"type":"cond-expr","locations":[{"start":{"line":184,"column":62},"end":{"line":184,"column":104}},{"start":{"line":184,"column":104},"end":{"line":184,"column":null}}],"line":184},"18":{"loc":{"start":{"line":185,"column":23},"end":{"line":185,"column":null}},"type":"cond-expr","locations":[{"start":{"line":185,"column":50},"end":{"line":185,"column":80}},{"start":{"line":185,"column":80},"end":{"line":185,"column":null}}],"line":185},"19":{"loc":{"start":{"line":185,"column":80},"end":{"line":185,"column":null}},"type":"cond-expr","locations":[{"start":{"line":185,"column":149},"end":{"line":185,"column":154}},{"start":{"line":185,"column":154},"end":{"line":185,"column":null}}],"line":185},"20":{"loc":{"start":{"line":185,"column":80},"end":{"line":185,"column":149}},"type":"binary-expr","locations":[{"start":{"line":185,"column":80},"end":{"line":185,"column":110}},{"start":{"line":185,"column":110},"end":{"line":185,"column":149}}],"line":185},"21":{"loc":{"start":{"line":191,"column":19},"end":{"line":191,"column":null}},"type":"cond-expr","locations":[{"start":{"line":191,"column":50},"end":{"line":191,"column":100}},{"start":{"line":191,"column":100},"end":{"line":191,"column":null}}],"line":191},"22":{"loc":{"start":{"line":197,"column":26},"end":{"line":197,"column":null}},"type":"binary-expr","locations":[{"start":{"line":197,"column":26},"end":{"line":197,"column":56}},{"start":{"line":197,"column":56},"end":{"line":197,"column":null}}],"line":197},"23":{"loc":{"start":{"line":198,"column":135},"end":{"line":200,"column":null}},"type":"cond-expr","locations":[{"start":{"line":199,"column":20},"end":{"line":199,"column":null}},{"start":{"line":200,"column":20},"end":{"line":200,"column":null}}],"line":198},"24":{"loc":{"start":{"line":198,"column":135},"end":{"line":198,"column":null}},"type":"binary-expr","locations":[{"start":{"line":198,"column":135},"end":{"line":198,"column":165}},{"start":{"line":198,"column":165},"end":{"line":198,"column":null}}],"line":198}},"s":{"0":15,"1":15,"2":15,"3":15,"4":7,"5":7,"6":7,"7":5,"8":2,"9":15,"10":1,"11":1,"12":1,"13":1,"14":1,"15":1,"16":1,"17":1,"18":1,"19":15,"20":15,"21":50,"22":7,"23":0,"24":4,"25":4,"26":0,"27":0,"28":0},"f":{"0":15,"1":7,"2":7,"3":1,"4":1,"5":1,"6":1,"7":50,"8":7,"9":0,"10":4,"11":4,"12":0,"13":0,"14":0},"b":{"0":[15,15],"1":[15,15],"2":[5,2],"3":[1,0],"4":[1,0],"5":[1,0],"6":[0,1],"7":[1,1],"8":[9,6],"9":[0,50],"10":[9,5],"11":[2,4],"12":[6,4],"13":[6,4,2],"14":[6,0],"15":[0,0],"16":[0,0],"17":[0,6],"18":[6,0],"19":[0,0],"20":[0,0],"21":[6,0],"22":[6,4],"23":[2,4],"24":[6,4]},"meta":{"lastBranch":25,"lastFunction":15,"lastStatement":29,"seen":{"f:3:24:3:36":0,"s:4:22:4:Infinity":0,"s:5:34:11:Infinity":1,"b:9:9:9:32:9:32:9:Infinity":0,"b:10:10:10:43:10:43:10:Infinity":1,"s:13:16:51:Infinity":2,"s:53:23:60:Infinity":3,"f:53:23:53:24":1,"s:54:4:54:Infinity":4,"f:54:18:54:27":2,"s:54:27:54:55":5,"b:55:4:59:Infinity:57:11:59:Infinity":2,"s:55:4:59:Infinity":6,"s:56:6:56:Infinity":7,"s:58:6:58:Infinity":8,"s:62:23:81:Infinity":9,"f:62:23:62:29":3,"s:64:22:64:Infinity":10,"b:64:22:64:90:64:90:64:Infinity":3,"f:64:44:64:49":4,"s:64:49:64:79":11,"s:65:22:65:Infinity":12,"b:65:22:65:85:65:85:65:Infinity":4,"f:65:44:65:49":5,"s:65:49:65:74":13,"s:66:21:66:Infinity":14,"b:66:21:66:83:66:83:66:Infinity":5,"f:66:43:66:48":6,"s:66:48:66:72":15,"s:69:22:69:Infinity":16,"s:71:20:78:Infinity":17,"b:76:90:76:94:76:94:76:Infinity":6,"b:76:21:76:56:76:56:76:90":7,"s:80:4:80:Infinity":18,"s:83:18:83:Infinity":19,"s:85:2:216:Infinity":20,"b:98:10:136:Infinity:138:10:213:Infinity":8,"f:109:35:109:Infinity":7,"s:110:16:124:Infinity":21,"f:112:27:112:33":8,"s:112:33:112:Infinity":22,"b:116:24:116:Infinity:117:24:117:91":9,"b:128:13:128:Infinity:129:14:134:Infinity":10,"f:130:25:130:31":9,"s:130:31:130:Infinity":23,"f:150:28:150:29":10,"s:150:35:150:Infinity":24,"f:150:49:150:58":11,"s:150:58:150:91":25,"b:151:216:151:251:151:251:151:Infinity":11,"b:151:154:151:184:151:184:151:216":12,"b:155:18:155:48:155:48:155:Infinity:156:18:158:Infinity":13,"b:166:53:166:Infinity:167:22:169:Infinity":14,"b:167:54:167:Infinity:168:24:169:Infinity":15,"b:168:56:168:Infinity:169:26:169:Infinity":16,"f:179:30:179:31":12,"s:179:37:179:Infinity":26,"f:179:51:179:60":13,"s:179:60:179:94":27,"b:184:62:184:104:184:104:184:Infinity":17,"b:185:50:185:80:185:80:185:Infinity":18,"b:185:149:185:154:185:154:185:Infinity":19,"b:185:80:185:110:185:110:185:149":20,"b:191:50:191:100:191:100:191:Infinity":21,"b:197:26:197:56:197:56:197:Infinity":22,"b:199:20:199:Infinity:200:20:200:Infinity":23,"b:198:135:198:165:198:165:198:Infinity":24,"f:207:25:207:31":14,"s:207:31:207:Infinity":28}}}
,"C:\\Users\\Darki\\OneDrive\\Escritorio\\proyecto2.o\\bookwise\\src\\components\\Store.jsx": {"path":"C:\\Users\\Darki\\OneDrive\\Escritorio\\proyecto2.o\\bookwise\\src\\components\\Store.jsx","statementMap":{"0":{"start":{"line":7,"column":17},"end":{"line":26,"column":null}},"1":{"start":{"line":29,"column":44},"end":{"line":29,"column":null}},"2":{"start":{"line":30,"column":22},"end":{"line":30,"column":null}},"3":{"start":{"line":31,"column":34},"end":{"line":31,"column":null}},"4":{"start":{"line":34,"column":42},"end":{"line":34,"column":null}},"5":{"start":{"line":35,"column":40},"end":{"line":35,"column":null}},"6":{"start":{"line":38,"column":4},"end":{"line":40,"column":null}},"7":{"start":{"line":39,"column":8},"end":{"line":39,"column":null}},"8":{"start":{"line":39,"column":22},"end":{"line":39,"column":null}},"9":{"start":{"line":42,"column":26},"end":{"line":44,"column":null}},"10":{"start":{"line":44,"column":31},"end":{"line":44,"column":60}},"11":{"start":{"line":46,"column":27},"end":{"line":59,"column":null}},"12":{"start":{"line":47,"column":14},"end":{"line":47,"column":null}},"13":{"start":{"line":48,"column":8},"end":{"line":57,"column":null}},"14":{"start":{"line":49,"column":12},"end":{"line":49,"column":null}},"15":{"start":{"line":50,"column":12},"end":{"line":50,"column":null}},"16":{"start":{"line":52,"column":12},"end":{"line":54,"column":null}},"17":{"start":{"line":53,"column":16},"end":{"line":53,"column":null}},"18":{"start":{"line":56,"column":12},"end":{"line":56,"column":null}},"19":{"start":{"line":58,"column":8},"end":{"line":58,"column":null}},"20":{"start":{"line":58,"column":25},"end":{"line":58,"column":37}},"21":{"start":{"line":61,"column":24},"end":{"line":76,"column":null}},"22":{"start":{"line":62,"column":32},"end":{"line":62,"column":null}},"23":{"start":{"line":63,"column":27},"end":{"line":63,"column":null}},"24":{"start":{"line":64,"column":23},"end":{"line":64,"column":null}},"25":{"start":{"line":67,"column":8},"end":{"line":67,"column":null}},"26":{"start":{"line":70,"column":8},"end":{"line":73,"column":null}},"27":{"start":{"line":70,"column":34},"end":{"line":73,"column":10}},"28":{"start":{"line":75,"column":8},"end":{"line":75,"column":null}},"29":{"start":{"line":78,"column":31},"end":{"line":82,"column":null}},"30":{"start":{"line":79,"column":8},"end":{"line":81,"column":null}},"31":{"start":{"line":80,"column":12},"end":{"line":80,"column":null}},"32":{"start":{"line":84,"column":4},"end":{"line":226,"column":null}},"33":{"start":{"line":142,"column":28},"end":{"line":149,"column":null}},"34":{"start":{"line":144,"column":47},"end":{"line":144,"column":null}},"35":{"start":{"line":157,"column":40},"end":{"line":157,"column":null}},"36":{"start":{"line":158,"column":43},"end":{"line":158,"column":null}},"37":{"start":{"line":159,"column":30},"end":{"line":159,"column":null}},"38":{"start":{"line":161,"column":24},"end":{"line":209,"column":null}},"39":{"start":{"line":164,"column":51},"end":{"line":164,"column":null}},"40":{"start":{"line":175,"column":52},"end":{"line":175,"column":null}},"41":{"start":{"line":176,"column":52},"end":{"line":176,"column":null}}},"fnMap":{"0":{"name":"Store","decl":{"start":{"line":28,"column":24},"end":{"line":28,"column":30}},"loc":{"start":{"line":28,"column":86},"end":{"line":228,"column":null}},"line":28},"1":{"name":"(anonymous_1)","decl":{"start":{"line":38,"column":14},"end":{"line":38,"column":20}},"loc":{"start":{"line":38,"column":20},"end":{"line":40,"column":7}},"line":38},"2":{"name":"(anonymous_2)","decl":{"start":{"line":44,"column":26},"end":{"line":44,"column":31}},"loc":{"start":{"line":44,"column":31},"end":{"line":44,"column":60}},"line":44},"3":{"name":"(anonymous_3)","decl":{"start":{"line":46,"column":27},"end":{"line":46,"column":28}},"loc":{"start":{"line":46,"column":37},"end":{"line":59,"column":null}},"line":46},"4":{"name":"(anonymous_4)","decl":{"start":{"line":58,"column":19},"end":{"line":58,"column":25}},"loc":{"start":{"line":58,"column":25},"end":{"line":58,"column":37}},"line":58},"5":{"name":"(anonymous_5)","decl":{"start":{"line":61,"column":24},"end":{"line":61,"column":25}},"loc":{"start":{"line":61,"column":49},"end":{"line":76,"column":null}},"line":61},"6":{"name":"(anonymous_6)","decl":{"start":{"line":70,"column":25},"end":{"line":70,"column":34}},"loc":{"start":{"line":70,"column":34},"end":{"line":73,"column":10}},"line":70},"7":{"name":"(anonymous_7)","decl":{"start":{"line":78,"column":31},"end":{"line":78,"column":32}},"loc":{"start":{"line":78,"column":41},"end":{"line":82,"column":null}},"line":78},"8":{"name":"(anonymous_8)","decl":{"start":{"line":141,"column":30},"end":{"line":141,"column":null}},"loc":{"start":{"line":142,"column":28},"end":{"line":149,"column":null}},"line":142},"9":{"name":"(anonymous_9)","decl":{"start":{"line":144,"column":41},"end":{"line":144,"column":47}},"loc":{"start":{"line":144,"column":47},"end":{"line":144,"column":null}},"line":144},"10":{"name":"(anonymous_10)","decl":{"start":{"line":156,"column":39},"end":{"line":156,"column":40}},"loc":{"start":{"line":156,"column":49},"end":{"line":211,"column":21}},"line":156},"11":{"name":"(anonymous_11)","decl":{"start":{"line":164,"column":45},"end":{"line":164,"column":51}},"loc":{"start":{"line":164,"column":51},"end":{"line":164,"column":null}},"line":164},"12":{"name":"(anonymous_12)","decl":{"start":{"line":174,"column":57},"end":{"line":174,"column":58}},"loc":{"start":{"line":174,"column":64},"end":{"line":177,"column":null}},"line":174}},"branchMap":{"0":{"loc":{"start":{"line":34,"column":55},"end":{"line":34,"column":69}},"type":"binary-expr","locations":[{"start":{"line":34,"column":55},"end":{"line":34,"column":67}},{"start":{"line":34,"column":67},"end":{"line":34,"column":69}}],"line":34},"1":{"loc":{"start":{"line":39,"column":8},"end":{"line":39,"column":null}},"type":"if","locations":[{"start":{"line":39,"column":8},"end":{"line":39,"column":null}},{"start":{},"end":{}}],"line":39},"2":{"loc":{"start":{"line":42,"column":26},"end":{"line":44,"column":null}},"type":"cond-expr","locations":[{"start":{"line":43,"column":10},"end":{"line":43,"column":null}},{"start":{"line":44,"column":10},"end":{"line":44,"column":null}}],"line":42},"3":{"loc":{"start":{"line":48,"column":8},"end":{"line":57,"column":null}},"type":"if","locations":[{"start":{"line":48,"column":8},"end":{"line":57,"column":null}},{"start":{"line":55,"column":15},"end":{"line":57,"column":null}}],"line":48},"4":{"loc":{"start":{"line":52,"column":12},"end":{"line":54,"column":null}},"type":"if","locations":[{"start":{"line":52,"column":12},"end":{"line":54,"column":null}},{"start":{},"end":{}}],"line":52},"5":{"loc":{"start":{"line":61,"column":31},"end":{"line":61,"column":49}},"type":"default-arg","locations":[{"start":{"line":61,"column":39},"end":{"line":61,"column":49}}],"line":61},"6":{"loc":{"start":{"line":64,"column":23},"end":{"line":64,"column":null}},"type":"cond-expr","locations":[{"start":{"line":64,"column":47},"end":{"line":64,"column":54}},{"start":{"line":64,"column":54},"end":{"line":64,"column":null}}],"line":64},"7":{"loc":{"start":{"line":64,"column":23},"end":{"line":64,"column":47}},"type":"binary-expr","locations":[{"start":{"line":64,"column":23},"end":{"line":64,"column":37}},{"start":{"line":64,"column":37},"end":{"line":64,"column":47}}],"line":64},"8":{"loc":{"start":{"line":79,"column":8},"end":{"line":81,"column":null}},"type":"if","locations":[{"start":{"line":79,"column":8},"end":{"line":81,"column":null}},{"start":{},"end":{}}],"line":79},"9":{"loc":{"start":{"line":146,"column":125},"end":{"line":146,"column":263}},"type":"cond-expr","locations":[{"start":{"line":146,"column":153},"end":{"line":146,"column":219}},{"start":{"line":146,"column":219},"end":{"line":146,"column":263}}],"line":146},"10":{"loc":{"start":{"line":159,"column":43},"end":{"line":159,"column":65}},"type":"binary-expr","locations":[{"start":{"line":159,"column":43},"end":{"line":159,"column":59}},{"start":{"line":159,"column":59},"end":{"line":159,"column":65}}],"line":159},"11":{"loc":{"start":{"line":166,"column":38},"end":{"line":168,"column":116}},"type":"cond-expr","locations":[{"start":{"line":167,"column":46},"end":{"line":167,"column":null}},{"start":{"line":168,"column":46},"end":{"line":168,"column":116}}],"line":166},"12":{"loc":{"start":{"line":171,"column":37},"end":{"line":183,"column":null}},"type":"binary-expr","locations":[{"start":{"line":171,"column":37},"end":{"line":171,"column":null}},{"start":{"line":172,"column":40},"end":{"line":183,"column":null}}],"line":171},"13":{"loc":{"start":{"line":179,"column":183},"end":{"line":179,"column":249}},"type":"cond-expr","locations":[{"start":{"line":179,"column":195},"end":{"line":179,"column":222}},{"start":{"line":179,"column":222},"end":{"line":179,"column":249}}],"line":179},"14":{"loc":{"start":{"line":181,"column":49},"end":{"line":181,"column":null}},"type":"cond-expr","locations":[{"start":{"line":181,"column":61},"end":{"line":181,"column":73}},{"start":{"line":181,"column":73},"end":{"line":181,"column":null}}],"line":181},"15":{"loc":{"start":{"line":187,"column":99},"end":{"line":187,"column":215}},"type":"cond-expr","locations":[{"start":{"line":187,"column":129},"end":{"line":187,"column":161}},{"start":{"line":187,"column":161},"end":{"line":187,"column":215}}],"line":187},"16":{"loc":{"start":{"line":187,"column":161},"end":{"line":187,"column":215}},"type":"cond-expr","locations":[{"start":{"line":187,"column":186},"end":{"line":187,"column":202}},{"start":{"line":187,"column":202},"end":{"line":187,"column":215}}],"line":187},"17":{"loc":{"start":{"line":198,"column":45},"end":{"line":204,"column":null}},"type":"cond-expr","locations":[{"start":{"line":199,"column":48},"end":{"line":199,"column":null}},{"start":{"line":201,"column":48},"end":{"line":204,"column":null}}],"line":198},"18":{"loc":{"start":{"line":217,"column":17},"end":{"line":223,"column":null}},"type":"binary-expr","locations":[{"start":{"line":217,"column":17},"end":{"line":217,"column":null}},{"start":{"line":218,"column":20},"end":{"line":223,"column":null}}],"line":217}},"s":{"0":1,"1":9,"2":9,"3":9,"4":9,"5":9,"6":9,"7":5,"8":1,"9":9,"10":11,"11":9,"12":1,"13":1,"14":1,"15":1,"16":1,"17":1,"18":0,"19":1,"20":0,"21":9,"22":2,"23":2,"24":2,"25":2,"26":2,"27":2,"28":2,"29":9,"30":1,"31":1,"32":9,"33":45,"34":1,"35":92,"36":92,"37":92,"38":92,"39":1,"40":1,"41":1},"f":{"0":9,"1":5,"2":11,"3":1,"4":0,"5":2,"6":2,"7":1,"8":45,"9":1,"10":92,"11":1,"12":1},"b":{"0":[9,6],"1":[1,4],"2":[8,1],"3":[1,0],"4":[1,0],"5":[2],"6":[0,2],"7":[2,0],"8":[1,0],"9":[9,36],"10":[92,0],"11":[3,89],"12":[92,89],"13":[56,33],"14":[56,33],"15":[17,75],"16":[25,50],"17":[3,89],"18":[9,1]},"meta":{"lastBranch":19,"lastFunction":13,"lastStatement":42,"seen":{"s:7:17:26:Infinity":0,"f:28:24:28:30":0,"s:29:44:29:Infinity":1,"s:30:22:30:Infinity":2,"s:31:34:31:Infinity":3,"s:34:42:34:Infinity":4,"b:34:55:34:67:34:67:34:69":0,"s:35:40:35:Infinity":5,"s:38:4:40:Infinity":6,"f:38:14:38:20":1,"b:39:8:39:Infinity:undefined:undefined:undefined:undefined":1,"s:39:8:39:Infinity":7,"s:39:22:39:Infinity":8,"s:42:26:44:Infinity":9,"b:43:10:43:Infinity:44:10:44:Infinity":2,"f:44:26:44:31":2,"s:44:31:44:60":10,"s:46:27:59:Infinity":11,"f:46:27:46:28":3,"s:47:14:47:Infinity":12,"b:48:8:57:Infinity:55:15:57:Infinity":3,"s:48:8:57:Infinity":13,"s:49:12:49:Infinity":14,"s:50:12:50:Infinity":15,"b:52:12:54:Infinity:undefined:undefined:undefined:undefined":4,"s:52:12:54:Infinity":16,"s:53:16:53:Infinity":17,"s:56:12:56:Infinity":18,"s:58:8:58:Infinity":19,"f:58:19:58:25":4,"s:58:25:58:37":20,"s:61:24:76:Infinity":21,"f:61:24:61:25":5,"b:61:39:61:49":5,"s:62:32:62:Infinity":22,"s:63:27:63:Infinity":23,"s:64:23:64:Infinity":24,"b:64:47:64:54:64:54:64:Infinity":6,"b:64:23:64:37:64:37:64:47":7,"s:67:8:67:Infinity":25,"s:70:8:73:Infinity":26,"f:70:25:70:34":6,"s:70:34:73:10":27,"s:75:8:75:Infinity":28,"s:78:31:82:Infinity":29,"f:78:31:78:32":7,"b:79:8:81:Infinity:undefined:undefined:undefined:undefined":8,"s:79:8:81:Infinity":30,"s:80:12:80:Infinity":31,"s:84:4:226:Infinity":32,"f:141:30:141:Infinity":8,"s:142:28:149:Infinity":33,"f:144:41:144:47":9,"s:144:47:144:Infinity":34,"b:146:153:146:219:146:219:146:263":9,"f:156:39:156:40":10,"s:157:40:157:Infinity":35,"s:158:43:158:Infinity":36,"s:159:30:159:Infinity":37,"b:159:43:159:59:159:59:159:65":10,"s:161:24:209:Infinity":38,"f:164:45:164:51":11,"s:164:51:164:Infinity":39,"b:167:46:167:Infinity:168:46:168:116":11,"b:171:37:171:Infinity:172:40:183:Infinity":12,"f:174:57:174:58":12,"s:175:52:175:Infinity":40,"s:176:52:176:Infinity":41,"b:179:195:179:222:179:222:179:249":13,"b:181:61:181:73:181:73:181:Infinity":14,"b:187:129:187:161:187:161:187:215":15,"b:187:186:187:202:187:202:187:215":16,"b:199:48:199:Infinity:201:48:204:Infinity":17,"b:217:17:217:Infinity:218:20:223:Infinity":18}}}
,"C:\\Users\\Darki\\OneDrive\\Escritorio\\proyecto2.o\\bookwise\\src\\components\\ThemeToggle.jsx": {"path":"C:\\Users\\Darki\\OneDrive\\Escritorio\\proyecto2.o\\bookwise\\src\\components\\ThemeToggle.jsx","statementMap":{"0":{"start":{"line":4,"column":37},"end":{"line":4,"column":null}},"1":{"start":{"line":6,"column":2},"end":{"line":18,"column":null}}},"fnMap":{"0":{"name":"ThemeToggle","decl":{"start":{"line":3,"column":24},"end":{"line":3,"column":38}},"loc":{"start":{"line":3,"column":38},"end":{"line":20,"column":null}},"line":3}},"branchMap":{"0":{"loc":{"start":{"line":11,"column":13},"end":{"line":11,"column":null}},"type":"cond-expr","locations":[{"start":{"line":11,"column":22},"end":{"line":11,"column":47}},{"start":{"line":11,"column":47},"end":{"line":11,"column":null}}],"line":11},"1":{"loc":{"start":{"line":13,"column":7},"end":{"line":16,"column":null}},"type":"cond-expr","locations":[{"start":{"line":14,"column":8},"end":{"line":14,"column":null}},{"start":{"line":16,"column":8},"end":{"line":16,"column":null}}],"line":13}},"s":{"0":11,"1":11},"f":{"0":11},"b":{"0":[0,11],"1":[0,11]},"meta":{"lastBranch":2,"lastFunction":1,"lastStatement":2,"seen":{"f:3:24:3:38":0,"s:4:37:4:Infinity":0,"s:6:2:18:Infinity":1,"b:11:22:11:47:11:47:11:Infinity":0,"b:14:8:14:Infinity:16:8:16:Infinity":1}}}
,"C:\\Users\\Darki\\OneDrive\\Escritorio\\proyecto2.o\\bookwise\\src\\components\\WorldMap.jsx": {"path":"C:\\Users\\Darki\\OneDrive\\Escritorio\\proyecto2.o\\bookwise\\src\\components\\WorldMap.jsx","statementMap":{"0":{"start":{"line":3,"column":15},"end":{"line":36,"column":null}},"1":{"start":{"line":38,"column":20},"end":{"line":38,"column":null}},"2":{"start":{"line":51,"column":10},"end":{"line":51,"column":null}},"3":{"start":{"line":52,"column":30},"end":{"line":52,"column":null}},"4":{"start":{"line":53,"column":27},"end":{"line":53,"column":null}},"5":{"start":{"line":56,"column":50},"end":{"line":56,"column":null}},"6":{"start":{"line":59,"column":4},"end":{"line":61,"column":null}},"7":{"start":{"line":60,"column":8},"end":{"line":60,"column":null}},"8":{"start":{"line":63,"column":28},"end":{"line":63,"column":null}},"9":{"start":{"line":64,"column":25},"end":{"line":64,"column":null}},"10":{"start":{"line":64,"column":42},"end":{"line":64,"column":94}},"11":{"start":{"line":67,"column":24},"end":{"line":67,"column":null}},"12":{"start":{"line":68,"column":10},"end":{"line":68,"column":null}},"13":{"start":{"line":70,"column":28},"end":{"line":79,"column":null}},"14":{"start":{"line":71,"column":8},"end":{"line":71,"column":null}},"15":{"start":{"line":71,"column":35},"end":{"line":71,"column":null}},"16":{"start":{"line":72,"column":21},"end":{"line":72,"column":null}},"17":{"start":{"line":73,"column":14},"end":{"line":73,"column":null}},"18":{"start":{"line":74,"column":14},"end":{"line":74,"column":null}},"19":{"start":{"line":76,"column":14},"end":{"line":76,"column":null}},"20":{"start":{"line":77,"column":14},"end":{"line":77,"column":null}},"21":{"start":{"line":78,"column":8},"end":{"line":78,"column":null}},"22":{"start":{"line":81,"column":29},"end":{"line":83,"column":null}},"23":{"start":{"line":82,"column":8},"end":{"line":82,"column":null}},"24":{"start":{"line":86,"column":10},"end":{"line":109,"column":null}},"25":{"start":{"line":87,"column":21},"end":{"line":87,"column":null}},"26":{"start":{"line":88,"column":8},"end":{"line":107,"column":null}},"27":{"start":{"line":88,"column":21},"end":{"line":88,"column":37}},"28":{"start":{"line":89,"column":34},"end":{"line":89,"column":null}},"29":{"start":{"line":90,"column":27},"end":{"line":90,"column":null}},"30":{"start":{"line":91,"column":29},"end":{"line":91,"column":null}},"31":{"start":{"line":94,"column":26},"end":{"line":94,"column":null}},"32":{"start":{"line":95,"column":28},"end":{"line":95,"column":null}},"33":{"start":{"line":97,"column":12},"end":{"line":106,"column":null}},"34":{"start":{"line":108,"column":8},"end":{"line":108,"column":null}},"35":{"start":{"line":112,"column":34},"end":{"line":112,"column":null}},"36":{"start":{"line":113,"column":4},"end":{"line":124,"column":null}},"37":{"start":{"line":114,"column":22},"end":{"line":114,"column":null}},"38":{"start":{"line":115,"column":29},"end":{"line":122,"column":null}},"39":{"start":{"line":115,"column":74},"end":{"line":122,"column":10}},"40":{"start":{"line":123,"column":8},"end":{"line":123,"column":null}},"41":{"start":{"line":126,"column":4},"end":{"line":390,"column":null}},"42":{"start":{"line":189,"column":28},"end":{"line":189,"column":null}},"43":{"start":{"line":189,"column":60},"end":{"line":189,"column":null}},"44":{"start":{"line":190,"column":41},"end":{"line":190,"column":null}},"45":{"start":{"line":191,"column":45},"end":{"line":191,"column":null}},"46":{"start":{"line":192,"column":28},"end":{"line":214,"column":null}},"47":{"start":{"line":223,"column":24},"end":{"line":298,"column":null}},"48":{"start":{"line":305,"column":24},"end":{"line":317,"column":null}},"49":{"start":{"line":347,"column":39},"end":{"line":347,"column":null}},"50":{"start":{"line":347,"column":68},"end":{"line":347,"column":89}},"51":{"start":{"line":358,"column":39},"end":{"line":358,"column":null}},"52":{"start":{"line":358,"column":68},"end":{"line":358,"column":102}}},"fnMap":{"0":{"name":"WorldMap","decl":{"start":{"line":40,"column":24},"end":{"line":40,"column":33}},"loc":{"start":{"line":47,"column":3},"end":{"line":392,"column":null}},"line":47},"1":{"name":"(anonymous_1)","decl":{"start":{"line":59,"column":14},"end":{"line":59,"column":20}},"loc":{"start":{"line":59,"column":20},"end":{"line":61,"column":7}},"line":59},"2":{"name":"(anonymous_2)","decl":{"start":{"line":64,"column":37},"end":{"line":64,"column":42}},"loc":{"start":{"line":64,"column":42},"end":{"line":64,"column":94}},"line":64},"3":{"name":"(anonymous_3)","decl":{"start":{"line":70,"column":28},"end":{"line":70,"column":29}},"loc":{"start":{"line":70,"column":35},"end":{"line":79,"column":null}},"line":70},"4":{"name":"(anonymous_4)","decl":{"start":{"line":81,"column":29},"end":{"line":81,"column":35}},"loc":{"start":{"line":81,"column":35},"end":{"line":83,"column":null}},"line":81},"5":{"name":"(anonymous_5)","decl":{"start":{"line":86,"column":26},"end":{"line":86,"column":32}},"loc":{"start":{"line":86,"column":32},"end":{"line":109,"column":7}},"line":86},"6":{"name":"(anonymous_6)","decl":{"start":{"line":113,"column":14},"end":{"line":113,"column":20}},"loc":{"start":{"line":113,"column":20},"end":{"line":124,"column":7}},"line":113},"7":{"name":"(anonymous_7)","decl":{"start":{"line":115,"column":63},"end":{"line":115,"column":64}},"loc":{"start":{"line":115,"column":74},"end":{"line":122,"column":10}},"line":115},"8":{"name":"(anonymous_8)","decl":{"start":{"line":188,"column":35},"end":{"line":188,"column":36}},"loc":{"start":{"line":188,"column":52},"end":{"line":216,"column":25}},"line":188},"9":{"name":"(anonymous_9)","decl":{"start":{"line":222,"column":31},"end":{"line":222,"column":32}},"loc":{"start":{"line":223,"column":24},"end":{"line":298,"column":null}},"line":223},"10":{"name":"(anonymous_10)","decl":{"start":{"line":304,"column":35},"end":{"line":304,"column":null}},"loc":{"start":{"line":305,"column":24},"end":{"line":317,"column":null}},"line":305},"11":{"name":"(anonymous_11)","decl":{"start":{"line":347,"column":33},"end":{"line":347,"column":39}},"loc":{"start":{"line":347,"column":39},"end":{"line":347,"column":null}},"line":347},"12":{"name":"(anonymous_12)","decl":{"start":{"line":347,"column":60},"end":{"line":347,"column":68}},"loc":{"start":{"line":347,"column":68},"end":{"line":347,"column":89}},"line":347},"13":{"name":"(anonymous_13)","decl":{"start":{"line":358,"column":33},"end":{"line":358,"column":39}},"loc":{"start":{"line":358,"column":39},"end":{"line":358,"column":null}},"line":358},"14":{"name":"(anonymous_14)","decl":{"start":{"line":358,"column":60},"end":{"line":358,"column":68}},"loc":{"start":{"line":358,"column":68},"end":{"line":358,"column":102}},"line":358}},"branchMap":{"0":{"loc":{"start":{"line":44,"column":4},"end":{"line":44,"column":null}},"type":"default-arg","locations":[{"start":{"line":44,"column":16},"end":{"line":44,"column":null}}],"line":44},"1":{"loc":{"start":{"line":45,"column":4},"end":{"line":45,"column":null}},"type":"default-arg","locations":[{"start":{"line":45,"column":14},"end":{"line":45,"column":null}}],"line":45},"2":{"loc":{"start":{"line":46,"column":4},"end":{"line":46,"column":null}},"type":"default-arg","locations":[{"start":{"line":46,"column":13},"end":{"line":46,"column":null}}],"line":46},"3":{"loc":{"start":{"line":51,"column":30},"end":{"line":51,"column":48}},"type":"binary-expr","locations":[{"start":{"line":51,"column":30},"end":{"line":51,"column":43}},{"start":{"line":51,"column":43},"end":{"line":51,"column":48}}],"line":51},"4":{"loc":{"start":{"line":64,"column":25},"end":{"line":64,"column":null}},"type":"binary-expr","locations":[{"start":{"line":64,"column":25},"end":{"line":64,"column":99}},{"start":{"line":64,"column":99},"end":{"line":64,"column":null}}],"line":64},"5":{"loc":{"start":{"line":64,"column":42},"end":{"line":64,"column":94}},"type":"binary-expr","locations":[{"start":{"line":64,"column":42},"end":{"line":64,"column":71}},{"start":{"line":64,"column":71},"end":{"line":64,"column":94}}],"line":64},"6":{"loc":{"start":{"line":71,"column":8},"end":{"line":71,"column":null}},"type":"if","locations":[{"start":{"line":71,"column":8},"end":{"line":71,"column":null}},{"start":{},"end":{}}],"line":71},"7":{"loc":{"start":{"line":105,"column":22},"end":{"line":105,"column":null}},"type":"cond-expr","locations":[{"start":{"line":105,"column":33},"end":{"line":105,"column":50}},{"start":{"line":105,"column":50},"end":{"line":105,"column":null}}],"line":105},"8":{"loc":{"start":{"line":114,"column":22},"end":{"line":114,"column":null}},"type":"cond-expr","locations":[{"start":{"line":114,"column":56},"end":{"line":114,"column":61}},{"start":{"line":114,"column":61},"end":{"line":114,"column":null}}],"line":114},"9":{"loc":{"start":{"line":158,"column":21},"end":{"line":162,"column":null}},"type":"binary-expr","locations":[{"start":{"line":158,"column":21},"end":{"line":158,"column":null}},{"start":{"line":159,"column":24},"end":{"line":162,"column":null}}],"line":158},"10":{"loc":{"start":{"line":164,"column":21},"end":{"line":168,"column":null}},"type":"binary-expr","locations":[{"start":{"line":164,"column":21},"end":{"line":164,"column":null}},{"start":{"line":165,"column":24},"end":{"line":168,"column":null}}],"line":164},"11":{"loc":{"start":{"line":189,"column":28},"end":{"line":189,"column":null}},"type":"if","locations":[{"start":{"line":189,"column":28},"end":{"line":189,"column":null}},{"start":{},"end":{}}],"line":189},"12":{"loc":{"start":{"line":191,"column":45},"end":{"line":191,"column":null}},"type":"binary-expr","locations":[{"start":{"line":191,"column":45},"end":{"line":191,"column":61}},{"start":{"line":191,"column":61},"end":{"line":191,"column":null}}],"line":191},"13":{"loc":{"start":{"line":206,"column":48},"end":{"line":206,"column":null}},"type":"cond-expr","locations":[{"start":{"line":206,"column":59},"end":{"line":206,"column":82}},{"start":{"line":206,"column":82},"end":{"line":206,"column":null}}],"line":206},"14":{"loc":{"start":{"line":207,"column":53},"end":{"line":207,"column":null}},"type":"cond-expr","locations":[{"start":{"line":207,"column":64},"end":{"line":207,"column":70}},{"start":{"line":207,"column":70},"end":{"line":207,"column":null}}],"line":207},"15":{"loc":{"start":{"line":208,"column":57},"end":{"line":208,"column":null}},"type":"cond-expr","locations":[{"start":{"line":208,"column":68},"end":{"line":208,"column":77}},{"start":{"line":208,"column":77},"end":{"line":208,"column":null}}],"line":208},"16":{"loc":{"start":{"line":211,"column":51},"end":{"line":211,"column":null}},"type":"cond-expr","locations":[{"start":{"line":211,"column":62},"end":{"line":211,"column":85}},{"start":{"line":211,"column":85},"end":{"line":211,"column":null}}],"line":211},"17":{"loc":{"start":{"line":212,"column":48},"end":{"line":212,"column":null}},"type":"cond-expr","locations":[{"start":{"line":212,"column":59},"end":{"line":212,"column":74}},{"start":{"line":212,"column":74},"end":{"line":212,"column":null}}],"line":212},"18":{"loc":{"start":{"line":229,"column":79},"end":{"line":229,"column":101}},"type":"cond-expr","locations":[{"start":{"line":229,"column":94},"end":{"line":229,"column":99}},{"start":{"line":229,"column":99},"end":{"line":229,"column":101}}],"line":229},"19":{"loc":{"start":{"line":241,"column":38},"end":{"line":241,"column":113}},"type":"cond-expr","locations":[{"start":{"line":241,"column":52},"end":{"line":241,"column":84}},{"start":{"line":241,"column":84},"end":{"line":241,"column":113}}],"line":241},"20":{"loc":{"start":{"line":246,"column":38},"end":{"line":250,"column":null}},"type":"cond-expr","locations":[{"start":{"line":247,"column":42},"end":{"line":247,"column":null}},{"start":{"line":248,"column":42},"end":{"line":250,"column":null}}],"line":246},"21":{"loc":{"start":{"line":248,"column":42},"end":{"line":250,"column":null}},"type":"cond-expr","locations":[{"start":{"line":249,"column":46},"end":{"line":249,"column":null}},{"start":{"line":250,"column":46},"end":{"line":250,"column":null}}],"line":248},"22":{"loc":{"start":{"line":253,"column":62},"end":{"line":253,"column":126}},"type":"cond-expr","locations":[{"start":{"line":253,"column":94},"end":{"line":253,"column":116}},{"start":{"line":253,"column":116},"end":{"line":253,"column":126}}],"line":253},"23":{"loc":{"start":{"line":253,"column":62},"end":{"line":253,"column":94}},"type":"binary-expr","locations":[{"start":{"line":253,"column":62},"end":{"line":253,"column":78}},{"start":{"line":253,"column":78},"end":{"line":253,"column":94}}],"line":253},"24":{"loc":{"start":{"line":257,"column":42},"end":{"line":257,"column":116}},"type":"cond-expr","locations":[{"start":{"line":257,"column":56},"end":{"line":257,"column":74}},{"start":{"line":257,"column":74},"end":{"line":257,"column":116}}],"line":257},"25":{"loc":{"start":{"line":257,"column":74},"end":{"line":257,"column":116}},"type":"cond-expr","locations":[{"start":{"line":257,"column":89},"end":{"line":257,"column":104}},{"start":{"line":257,"column":104},"end":{"line":257,"column":116}}],"line":257},"26":{"loc":{"start":{"line":259,"column":41},"end":{"line":259,"column":null}},"type":"cond-expr","locations":[{"start":{"line":259,"column":60},"end":{"line":259,"column":68}},{"start":{"line":259,"column":68},"end":{"line":259,"column":null}}],"line":259},"27":{"loc":{"start":{"line":259,"column":68},"end":{"line":259,"column":null}},"type":"cond-expr","locations":[{"start":{"line":259,"column":82},"end":{"line":259,"column":89}},{"start":{"line":259,"column":89},"end":{"line":259,"column":null}}],"line":259},"28":{"loc":{"start":{"line":264,"column":33},"end":{"line":267,"column":null}},"type":"binary-expr","locations":[{"start":{"line":264,"column":33},"end":{"line":264,"column":51}},{"start":{"line":264,"column":51},"end":{"line":264,"column":null}},{"start":{"line":265,"column":36},"end":{"line":267,"column":null}}],"line":264},"29":{"loc":{"start":{"line":272,"column":29},"end":{"line":284,"column":null}},"type":"binary-expr","locations":[{"start":{"line":272,"column":29},"end":{"line":272,"column":null}},{"start":{"line":273,"column":32},"end":{"line":284,"column":null}}],"line":272},"30":{"loc":{"start":{"line":277,"column":45},"end":{"line":279,"column":null}},"type":"cond-expr","locations":[{"start":{"line":278,"column":48},"end":{"line":278,"column":null}},{"start":{"line":279,"column":48},"end":{"line":279,"column":null}}],"line":277},"31":{"loc":{"start":{"line":288,"column":29},"end":{"line":296,"column":null}},"type":"binary-expr","locations":[{"start":{"line":288,"column":29},"end":{"line":288,"column":null}},{"start":{"line":289,"column":32},"end":{"line":296,"column":null}}],"line":288},"32":{"loc":{"start":{"line":307,"column":75},"end":{"line":307,"column":164}},"type":"cond-expr","locations":[{"start":{"line":307,"column":109},"end":{"line":307,"column":135}},{"start":{"line":307,"column":135},"end":{"line":307,"column":164}}],"line":307},"33":{"loc":{"start":{"line":315,"column":43},"end":{"line":315,"column":null}},"type":"cond-expr","locations":[{"start":{"line":315,"column":82},"end":{"line":315,"column":102}},{"start":{"line":315,"column":102},"end":{"line":315,"column":null}}],"line":315},"34":{"loc":{"start":{"line":349,"column":149},"end":{"line":349,"column":304}},"type":"cond-expr","locations":[{"start":{"line":349,"column":175},"end":{"line":349,"column":209}},{"start":{"line":349,"column":209},"end":{"line":349,"column":304}}],"line":349},"35":{"loc":{"start":{"line":360,"column":149},"end":{"line":360,"column":318}},"type":"cond-expr","locations":[{"start":{"line":360,"column":188},"end":{"line":360,"column":222}},{"start":{"line":360,"column":222},"end":{"line":360,"column":318}}],"line":360}},"s":{"0":1,"1":1,"2":8,"3":8,"4":8,"5":8,"6":8,"7":4,"8":8,"9":8,"10":12,"11":8,"12":8,"13":8,"14":0,"15":0,"16":0,"17":0,"18":0,"19":0,"20":0,"21":0,"22":8,"23":0,"24":8,"25":4,"26":4,"27":4,"28":20,"29":20,"30":20,"31":20,"32":20,"33":20,"34":4,"35":8,"36":8,"37":4,"38":4,"39":100,"40":4,"41":8,"42":40,"43":8,"44":32,"45":32,"46":40,"47":40,"48":100,"49":0,"50":0,"51":0,"52":0},"f":{"0":8,"1":4,"2":12,"3":0,"4":0,"5":4,"6":4,"7":100,"8":40,"9":40,"10":100,"11":0,"12":0,"13":0,"14":0},"b":{"0":[8],"1":[8],"2":[8],"3":[8,4],"4":[8,0],"5":[12,12],"6":[0,0],"7":[0,20],"8":[0,4],"9":[8,4],"10":[8,0],"11":[8,32],"12":[32,16],"13":[10,22],"14":[10,22],"15":[10,22],"16":[10,22],"17":[10,22],"18":[8,32],"19":[22,18],"20":[22,18],"21":[8,10],"22":[10,30],"23":[40,18],"24":[22,18],"25":[8,10],"26":[4,36],"27":[8,28],"28":[40,10,10],"29":[40,8],"30":[0,8],"31":[40,0],"32":[0,100],"33":[50,50],"34":[4,4],"35":[8,0]},"meta":{"lastBranch":36,"lastFunction":15,"lastStatement":53,"seen":{"s:3:15:36:Infinity":0,"s:38:20:38:Infinity":1,"f:40:24:40:33":0,"b:44:16:44:Infinity":0,"b:45:14:45:Infinity":1,"b:46:13:46:Infinity":2,"s:51:10:51:Infinity":2,"b:51:30:51:43:51:43:51:48":3,"s:52:30:52:Infinity":3,"s:53:27:53:Infinity":4,"s:56:50:56:Infinity":5,"s:59:4:61:Infinity":6,"f:59:14:59:20":1,"s:60:8:60:Infinity":7,"s:63:28:63:Infinity":8,"s:64:25:64:Infinity":9,"b:64:25:64:99:64:99:64:Infinity":4,"f:64:37:64:42":2,"s:64:42:64:94":10,"b:64:42:64:71:64:71:64:94":5,"s:67:24:67:Infinity":11,"s:68:10:68:Infinity":12,"s:70:28:79:Infinity":13,"f:70:28:70:29":3,"b:71:8:71:Infinity:undefined:undefined:undefined:undefined":6,"s:71:8:71:Infinity":14,"s:71:35:71:Infinity":15,"s:72:21:72:Infinity":16,"s:73:14:73:Infinity":17,"s:74:14:74:Infinity":18,"s:76:14:76:Infinity":19,"s:77:14:77:Infinity":20,"s:78:8:78:Infinity":21,"s:81:29:83:Infinity":22,"f:81:29:81:35":4,"s:82:8:82:Infinity":23,"s:86:10:109:Infinity":24,"f:86:26:86:32":5,"s:87:21:87:Infinity":25,"s:88:8:107:Infinity":26,"s:88:21:88:37":27,"s:89:34:89:Infinity":28,"s:90:27:90:Infinity":29,"s:91:29:91:Infinity":30,"s:94:26:94:Infinity":31,"s:95:28:95:Infinity":32,"s:97:12:106:Infinity":33,"b:105:33:105:50:105:50:105:Infinity":7,"s:108:8:108:Infinity":34,"s:112:34:112:Infinity":35,"s:113:4:124:Infinity":36,"f:113:14:113:20":6,"s:114:22:114:Infinity":37,"b:114:56:114:61:114:61:114:Infinity":8,"s:115:29:122:Infinity":38,"f:115:63:115:64":7,"s:115:74:122:10":39,"s:123:8:123:Infinity":40,"s:126:4:390:Infinity":41,"b:158:21:158:Infinity:159:24:162:Infinity":9,"b:164:21:164:Infinity:165:24:168:Infinity":10,"f:188:35:188:36":8,"b:189:28:189:Infinity:undefined:undefined:undefined:undefined":11,"s:189:28:189:Infinity":42,"s:189:60:189:Infinity":43,"s:190:41:190:Infinity":44,"s:191:45:191:Infinity":45,"b:191:45:191:61:191:61:191:Infinity":12,"s:192:28:214:Infinity":46,"b:206:59:206:82:206:82:206:Infinity":13,"b:207:64:207:70:207:70:207:Infinity":14,"b:208:68:208:77:208:77:208:Infinity":15,"b:211:62:211:85:211:85:211:Infinity":16,"b:212:59:212:74:212:74:212:Infinity":17,"f:222:31:222:32":9,"s:223:24:298:Infinity":47,"b:229:94:229:99:229:99:229:101":18,"b:241:52:241:84:241:84:241:113":19,"b:247:42:247:Infinity:248:42:250:Infinity":20,"b:249:46:249:Infinity:250:46:250:Infinity":21,"b:253:94:253:116:253:116:253:126":22,"b:253:62:253:78:253:78:253:94":23,"b:257:56:257:74:257:74:257:116":24,"b:257:89:257:104:257:104:257:116":25,"b:259:60:259:68:259:68:259:Infinity":26,"b:259:82:259:89:259:89:259:Infinity":27,"b:264:33:264:51:264:51:264:Infinity:265:36:267:Infinity":28,"b:272:29:272:Infinity:273:32:284:Infinity":29,"b:278:48:278:Infinity:279:48:279:Infinity":30,"b:288:29:288:Infinity:289:32:296:Infinity":31,"f:304:35:304:Infinity":10,"s:305:24:317:Infinity":48,"b:307:109:307:135:307:135:307:164":32,"b:315:82:315:102:315:102:315:Infinity":33,"f:347:33:347:39":11,"s:347:39:347:Infinity":49,"f:347:60:347:68":12,"s:347:68:347:89":50,"b:349:175:349:209:349:209:349:304":34,"f:358:33:358:39":13,"s:358:39:358:Infinity":51,"f:358:60:358:68":14,"s:358:68:358:102":52,"b:360:188:360:222:360:222:360:318":35}}}
,"C:\\Users\\Darki\\OneDrive\\Escritorio\\proyecto2.o\\bookwise\\src\\hooks\\useTheme.js": {"path":"C:\\Users\\Darki\\OneDrive\\Escritorio\\proyecto2.o\\bookwise\\src\\hooks\\useTheme.js","statementMap":{"0":{"start":{"line":4,"column":27},"end":{"line":14,"column":4}},"1":{"start":{"line":6,"column":18},"end":{"line":6,"column":56}},"2":{"start":{"line":7,"column":4},"end":{"line":7,"column":28}},"3":{"start":{"line":7,"column":15},"end":{"line":7,"column":28}},"4":{"start":{"line":10,"column":4},"end":{"line":12,"column":5}},"5":{"start":{"line":11,"column":6},"end":{"line":11,"column":20}},"6":{"start":{"line":13,"column":4},"end":{"line":13,"column":19}},"7":{"start":{"line":16,"column":1},"end":{"line":25,"column":14}},"8":{"start":{"line":17,"column":17},"end":{"line":17,"column":41}},"9":{"start":{"line":18,"column":4},"end":{"line":22,"column":5}},"10":{"start":{"line":19,"column":6},"end":{"line":19,"column":33}},"11":{"start":{"line":21,"column":6},"end":{"line":21,"column":36}},"12":{"start":{"line":23,"column":4},"end":{"line":23,"column":50}},"13":{"start":{"line":24,"column":4},"end":{"line":24,"column":100}},"14":{"start":{"line":27,"column":22},"end":{"line":33,"column":3}},"15":{"start":{"line":28,"column":4},"end":{"line":32,"column":7}},"16":{"start":{"line":29,"column":23},"end":{"line":29,"column":57}},"17":{"start":{"line":30,"column":6},"end":{"line":30,"column":56}},"18":{"start":{"line":31,"column":6},"end":{"line":31,"column":22}},"19":{"start":{"line":35,"column":2},"end":{"line":35,"column":58}}},"fnMap":{"0":{"name":"useTheme","decl":{"start":{"line":3,"column":16},"end":{"line":3,"column":24}},"loc":{"start":{"line":3,"column":27},"end":{"line":36,"column":1}},"line":3},"1":{"name":"(anonymous_1)","decl":{"start":{"line":4,"column":37},"end":{"line":4,"column":38}},"loc":{"start":{"line":4,"column":43},"end":{"line":14,"column":3}},"line":4},"2":{"name":"(anonymous_2)","decl":{"start":{"line":16,"column":12},"end":{"line":16,"column":13}},"loc":{"start":{"line":16,"column":18},"end":{"line":25,"column":3}},"line":16},"3":{"name":"(anonymous_3)","decl":{"start":{"line":27,"column":22},"end":{"line":27,"column":23}},"loc":{"start":{"line":27,"column":28},"end":{"line":33,"column":3}},"line":27},"4":{"name":"(anonymous_4)","decl":{"start":{"line":28,"column":13},"end":{"line":28,"column":14}},"loc":{"start":{"line":28,"column":23},"end":{"line":32,"column":5}},"line":28}},"branchMap":{"0":{"loc":{"start":{"line":7,"column":4},"end":{"line":7,"column":28}},"type":"if","locations":[{"start":{"line":7,"column":4},"end":{"line":7,"column":28}},{"start":{},"end":{}}],"line":7},"1":{"loc":{"start":{"line":10,"column":4},"end":{"line":12,"column":5}},"type":"if","locations":[{"start":{"line":10,"column":4},"end":{"line":12,"column":5}},{"start":{},"end":{}}],"line":10},"2":{"loc":{"start":{"line":10,"column":8},"end":{"line":10,"column":86}},"type":"binary-expr","locations":[{"start":{"line":10,"column":8},"end":{"line":10,"column":25}},{"start":{"line":10,"column":29},"end":{"line":10,"column":86}}],"line":10},"3":{"loc":{"start":{"line":18,"column":4},"end":{"line":22,"column":5}},"type":"if","locations":[{"start":{"line":18,"column":4},"end":{"line":22,"column":5}},{"start":{"line":20,"column":11},"end":{"line":22,"column":5}}],"line":18},"4":{"loc":{"start":{"line":29,"column":23},"end":{"line":29,"column":57}},"type":"cond-expr","locations":[{"start":{"line":29,"column":41},"end":{"line":29,"column":48}},{"start":{"line":29,"column":51},"end":{"line":29,"column":57}}],"line":29}},"s":{"0":11,"1":6,"2":6,"3":5,"4":1,"5":0,"6":1,"7":11,"8":6,"9":6,"10":0,"11":6,"12":6,"13":6,"14":11,"15":0,"16":0,"17":0,"18":0,"19":11},"f":{"0":11,"1":6,"2":6,"3":0,"4":0},"b":{"0":[5,1],"1":[0,1],"2":[1,0],"3":[0,6],"4":[0,0]},"meta":{"lastBranch":5,"lastFunction":5,"lastStatement":20,"seen":{"f:3:16:3:24":0,"s:4:27:14:4":0,"f:4:37:4:38":1,"s:6:18:6:56":1,"b:7:4:7:28:undefined:undefined:undefined:undefined":0,"s:7:4:7:28":2,"s:7:15:7:28":3,"b:10:4:12:5:undefined:undefined:undefined:undefined":1,"s:10:4:12:5":4,"b:10:8:10:25:10:29:10:86":2,"s:11:6:11:20":5,"s:13:4:13:19":6,"s:16:1:25:14":7,"f:16:12:16:13":2,"s:17:17:17:41":8,"b:18:4:22:5:20:11:22:5":3,"s:18:4:22:5":9,"s:19:6:19:33":10,"s:21:6:21:36":11,"s:23:4:23:50":12,"s:24:4:24:100":13,"s:27:22:33:3":14,"f:27:22:27:23":3,"s:28:4:32:7":15,"f:28:13:28:14":4,"s:29:23:29:57":16,"b:29:41:29:48:29:51:29:57":4,"s:30:6:30:56":17,"s:31:6:31:22":18,"s:35:2:35:58":19}}}
}
